Analysis & Synthesis report for DEMBIT1
Tue Dec 03 02:24:24 2024
Quartus II 64-Bit Version 13.0.1 Build 232 06/12/2013 Service Pack 1 SJ Web Edition


---------------------
; Table of Contents ;
---------------------
  1. Legal Notice
  2. Analysis & Synthesis Summary
  3. Analysis & Synthesis Settings
  4. Parallel Compilation
  5. Analysis & Synthesis Source Files Read
  6. Analysis & Synthesis Resource Usage Summary
  7. Analysis & Synthesis Resource Utilization by Entity
  8. General Register Statistics
  9. Multiplexer Restructuring Statistics (Restructuring Performed)
 10. Elapsed Time Per Partition
 11. Analysis & Synthesis Messages



----------------
; Legal Notice ;
----------------
Copyright (C) 1991-2013 Altera Corporation
Your use of Altera Corporation's design tools, logic functions 
and other software and tools, and its AMPP partner logic 
functions, and any output files from any of the foregoing 
(including device programming or simulation files), and any 
associated documentation or information are expressly subject 
to the terms and conditions of the Altera Program License 
Subscription Agreement, Altera MegaCore Function License 
Agreement, or other applicable license agreement, including, 
without limitation, that your use is for the sole purpose of 
programming logic devices manufactured by Altera and sold by 
Altera or its authorized distributors.  Please refer to the 
applicable agreement for further details.



+--------------------------------------------------------------------------------------+
; Analysis & Synthesis Summary                                                         ;
+------------------------------------+-------------------------------------------------+
; Analysis & Synthesis Status        ; Successful - Tue Dec 03 02:24:24 2024           ;
; Quartus II 64-Bit Version          ; 13.0.1 Build 232 06/12/2013 SP 1 SJ Web Edition ;
; Revision Name                      ; DEMBIT1                                         ;
; Top-level Entity Name              ; DEMBIT1                                         ;
; Family                             ; Cyclone II                                      ;
; Total logic elements               ; 19                                              ;
;     Total combinational functions  ; 19                                              ;
;     Dedicated logic registers      ; 14                                              ;
; Total registers                    ; 14                                              ;
; Total pins                         ; 15                                              ;
; Total virtual pins                 ; 0                                               ;
; Total memory bits                  ; 0                                               ;
; Embedded Multiplier 9-bit elements ; 0                                               ;
; Total PLLs                         ; 0                                               ;
+------------------------------------+-------------------------------------------------+


+----------------------------------------------------------------------------------------------------------------------+
; Analysis & Synthesis Settings                                                                                        ;
+----------------------------------------------------------------------------+--------------------+--------------------+
; Option                                                                     ; Setting            ; Default Value      ;
+----------------------------------------------------------------------------+--------------------+--------------------+
; Device                                                                     ; EP2C35F672C6       ;                    ;
; Top-level entity name                                                      ; DEMBIT1            ; DEMBIT1            ;
; Family name                                                                ; Cyclone II         ; Cyclone IV GX      ;
; Use smart compilation                                                      ; Off                ; Off                ;
; Enable parallel Assembler and TimeQuest Timing Analyzer during compilation ; On                 ; On                 ;
; Enable compact report table                                                ; Off                ; Off                ;
; Restructure Multiplexers                                                   ; Auto               ; Auto               ;
; Create Debugging Nodes for IP Cores                                        ; Off                ; Off                ;
; Preserve fewer node names                                                  ; On                 ; On                 ;
; Disable OpenCore Plus hardware evaluation                                  ; Off                ; Off                ;
; Verilog Version                                                            ; Verilog_2001       ; Verilog_2001       ;
; VHDL Version                                                               ; VHDL_1993          ; VHDL_1993          ;
; State Machine Processing                                                   ; Auto               ; Auto               ;
; Safe State Machine                                                         ; Off                ; Off                ;
; Extract Verilog State Machines                                             ; On                 ; On                 ;
; Extract VHDL State Machines                                                ; On                 ; On                 ;
; Ignore Verilog initial constructs                                          ; Off                ; Off                ;
; Iteration limit for constant Verilog loops                                 ; 5000               ; 5000               ;
; Iteration limit for non-constant Verilog loops                             ; 250                ; 250                ;
; Add Pass-Through Logic to Inferred RAMs                                    ; On                 ; On                 ;
; Infer RAMs from Raw Logic                                                  ; On                 ; On                 ;
; Parallel Synthesis                                                         ; On                 ; On                 ;
; DSP Block Balancing                                                        ; Auto               ; Auto               ;
; NOT Gate Push-Back                                                         ; On                 ; On                 ;
; Power-Up Don't Care                                                        ; On                 ; On                 ;
; Remove Redundant Logic Cells                                               ; Off                ; Off                ;
; Remove Duplicate Registers                                                 ; On                 ; On                 ;
; Ignore CARRY Buffers                                                       ; Off                ; Off                ;
; Ignore CASCADE Buffers                                                     ; Off                ; Off                ;
; Ignore GLOBAL Buffers                                                      ; Off                ; Off                ;
; Ignore ROW GLOBAL Buffers                                                  ; Off                ; Off                ;
; Ignore LCELL Buffers                                                       ; Off                ; Off                ;
; Ignore SOFT Buffers                                                        ; On                 ; On                 ;
; Limit AHDL Integers to 32 Bits                                             ; Off                ; Off                ;
; Optimization Technique                                                     ; Balanced           ; Balanced           ;
; Carry Chain Length                                                         ; 70                 ; 70                 ;
; Auto Carry Chains                                                          ; On                 ; On                 ;
; Auto Open-Drain Pins                                                       ; On                 ; On                 ;
; Perform WYSIWYG Primitive Resynthesis                                      ; Off                ; Off                ;
; Auto ROM Replacement                                                       ; On                 ; On                 ;
; Auto RAM Replacement                                                       ; On                 ; On                 ;
; Auto Shift Register Replacement                                            ; Auto               ; Auto               ;
; Allow Shift Register Merging across Hierarchies                            ; Auto               ; Auto               ;
; Auto Clock Enable Replacement                                              ; On                 ; On                 ;
; Strict RAM Replacement                                                     ; Off                ; Off                ;
; Allow Synchronous Control Signals                                          ; On                 ; On                 ;
; Force Use of Synchronous Clear Signals                                     ; Off                ; Off                ;
; Auto RAM to Logic Cell Conversion                                          ; Off                ; Off                ;
; Auto Resource Sharing                                                      ; Off                ; Off                ;
; Allow Any RAM Size For Recognition                                         ; Off                ; Off                ;
; Allow Any ROM Size For Recognition                                         ; Off                ; Off                ;
; Allow Any Shift Register Size For Recognition                              ; Off                ; Off                ;
; Use LogicLock Constraints during Resource Balancing                        ; On                 ; On                 ;
; Ignore translate_off and synthesis_off directives                          ; Off                ; Off                ;
; Timing-Driven Synthesis                                                    ; Off                ; Off                ;
; Report Parameter Settings                                                  ; On                 ; On                 ;
; Report Source Assignments                                                  ; On                 ; On                 ;
; Report Connectivity Checks                                                 ; On                 ; On                 ;
; Ignore Maximum Fan-Out Assignments                                         ; Off                ; Off                ;
; Synchronization Register Chain Length                                      ; 2                  ; 2                  ;
; PowerPlay Power Optimization                                               ; Normal compilation ; Normal compilation ;
; HDL message level                                                          ; Level2             ; Level2             ;
; Suppress Register Optimization Related Messages                            ; Off                ; Off                ;
; Number of Removed Registers Reported in Synthesis Report                   ; 5000               ; 5000               ;
; Number of Swept Nodes Reported in Synthesis Report                         ; 5000               ; 5000               ;
; Number of Inverted Registers Reported in Synthesis Report                  ; 100                ; 100                ;
; Clock MUX Protection                                                       ; On                 ; On                 ;
; Auto Gated Clock Conversion                                                ; Off                ; Off                ;
; Block Design Naming                                                        ; Auto               ; Auto               ;
; SDC constraint protection                                                  ; Off                ; Off                ;
; Synthesis Effort                                                           ; Auto               ; Auto               ;
; Shift Register Replacement - Allow Asynchronous Clear Signal               ; On                 ; On                 ;
; Pre-Mapping Resynthesis Optimization                                       ; Off                ; Off                ;
; Analysis & Synthesis Message Level                                         ; Medium             ; Medium             ;
; Disable Register Merging Across Hierarchies                                ; Auto               ; Auto               ;
; Resource Aware Inference For Block RAM                                     ; On                 ; On                 ;
; Synthesis Seed                                                             ; 1                  ; 1                  ;
+----------------------------------------------------------------------------+--------------------+--------------------+


Parallel compilation was disabled, but you have multiple processors available. Enable parallel compilation to reduce compilation time.
+-------------------------------------+
; Parallel Compilation                ;
+----------------------------+--------+
; Processors                 ; Number ;
+----------------------------+--------+
; Number detected on machine ; 16     ;
; Maximum allowed            ; 1      ;
+----------------------------+--------+


+------------------------------------------------------------------------------------------------------------------------------------------------------------+
; Analysis & Synthesis Source Files Read                                                                                                                     ;
+----------------------------------+-----------------+------------------------------------+--------------------------------------------------------+---------+
; File Name with User-Entered Path ; Used in Netlist ; File Type                          ; File Name with Absolute Path                           ; Library ;
+----------------------------------+-----------------+------------------------------------+--------------------------------------------------------+---------+
; MUX2TO1.bdf                      ; yes             ; User Block Diagram/Schematic File  ; E:/thietkeluanliso/NEW/DEMBIT1V3/MUX2TO1.bdf           ;         ;
; MUX4TO1.bdf                      ; yes             ; User Block Diagram/Schematic File  ; E:/thietkeluanliso/NEW/DEMBIT1V3/MUX4TO1.bdf           ;         ;
; SRwPL.bdf                        ; yes             ; User Block Diagram/Schematic File  ; E:/thietkeluanliso/NEW/DEMBIT1V3/SRwPL.bdf             ;         ;
; REGISTER8BIT.bdf                 ; yes             ; User Block Diagram/Schematic File  ; E:/thietkeluanliso/NEW/DEMBIT1V3/REGISTER8BIT.bdf      ;         ;
; SRwPL1.bdf                       ; yes             ; User Block Diagram/Schematic File  ; E:/thietkeluanliso/NEW/DEMBIT1V3/SRwPL1.bdf            ;         ;
; HAS.bdf                          ; yes             ; User Block Diagram/Schematic File  ; E:/thietkeluanliso/NEW/DEMBIT1V3/HAS.bdf               ;         ;
; UPDOWNCOUNTER3BIT.bdf            ; yes             ; User Block Diagram/Schematic File  ; E:/thietkeluanliso/NEW/DEMBIT1V3/UPDOWNCOUNTER3BIT.bdf ;         ;
; DATAPATH.bdf                     ; yes             ; User Block Diagram/Schematic File  ; E:/thietkeluanliso/NEW/DEMBIT1V3/DATAPATH.bdf          ;         ;
; NEXT_STAGE.bdf                   ; yes             ; User Block Diagram/Schematic File  ; E:/thietkeluanliso/NEW/DEMBIT1V3/NEXT_STAGE.bdf        ;         ;
; CURRENT_STAGE.bdf                ; yes             ; User Block Diagram/Schematic File  ; E:/thietkeluanliso/NEW/DEMBIT1V3/CURRENT_STAGE.bdf     ;         ;
; CONTROLER.bdf                    ; yes             ; User Block Diagram/Schematic File  ; E:/thietkeluanliso/NEW/DEMBIT1V3/CONTROLER.bdf         ;         ;
; OUTPUT_ENCODER.bdf               ; yes             ; User Block Diagram/Schematic File  ; E:/thietkeluanliso/NEW/DEMBIT1V3/OUTPUT_ENCODER.bdf    ;         ;
; DEMBIT1.bdf                      ; yes             ; User Block Diagram/Schematic File  ; E:/thietkeluanliso/NEW/DEMBIT1V3/DEMBIT1.bdf           ;         ;
+----------------------------------+-----------------+------------------------------------+--------------------------------------------------------+---------+


+-----------------------------------------------------+
; Analysis & Synthesis Resource Usage Summary         ;
+---------------------------------------------+-------+
; Resource                                    ; Usage ;
+---------------------------------------------+-------+
; Estimated Total logic elements              ; 19    ;
;                                             ;       ;
; Total combinational functions               ; 19    ;
; Logic element usage by number of LUT inputs ;       ;
;     -- 4 input functions                    ; 7     ;
;     -- 3 input functions                    ; 8     ;
;     -- <=2 input functions                  ; 4     ;
;                                             ;       ;
; Logic elements by mode                      ;       ;
;     -- normal mode                          ; 19    ;
;     -- arithmetic mode                      ; 0     ;
;                                             ;       ;
; Total registers                             ; 14    ;
;     -- Dedicated logic registers            ; 14    ;
;     -- I/O registers                        ; 0     ;
;                                             ;       ;
; I/O pins                                    ; 15    ;
; Embedded Multiplier 9-bit elements          ; 0     ;
; Maximum fan-out node                        ; CLK   ;
; Maximum fan-out                             ; 14    ;
; Total fan-out                               ; 117   ;
; Average fan-out                             ; 2.44  ;
+---------------------------------------------+-------+


+------------------------------------------------------------------------------------------------------------------------------------------------------------------------------------------------------------------------------------------+
; Analysis & Synthesis Resource Utilization by Entity                                                                                                                                                                                      ;
+---------------------------------+-------------------+--------------+-------------+--------------+---------+-----------+------+--------------+-----------------------------------------------------------------------------+--------------+
; Compilation Hierarchy Node      ; LC Combinationals ; LC Registers ; Memory Bits ; DSP Elements ; DSP 9x9 ; DSP 18x18 ; Pins ; Virtual Pins ; Full Hierarchy Name                                                         ; Library Name ;
+---------------------------------+-------------------+--------------+-------------+--------------+---------+-----------+------+--------------+-----------------------------------------------------------------------------+--------------+
; |DEMBIT1                        ; 19 (0)            ; 14 (0)       ; 0           ; 0            ; 0       ; 0         ; 15   ; 0            ; |DEMBIT1                                                                    ; work         ;
;    |CONTROLER:in1st|            ; 6 (0)             ; 2 (0)        ; 0           ; 0            ; 0       ; 0         ; 0    ; 0            ; |DEMBIT1|CONTROLER:in1st                                                    ; work         ;
;       |CURRENT_STAGE:inst1|     ; 1 (1)             ; 2 (2)        ; 0           ; 0            ; 0       ; 0         ; 0    ; 0            ; |DEMBIT1|CONTROLER:in1st|CURRENT_STAGE:inst1                                ; work         ;
;       |NEXT_STAGE:inst|         ; 4 (4)             ; 0 (0)        ; 0           ; 0            ; 0       ; 0         ; 0    ; 0            ; |DEMBIT1|CONTROLER:in1st|NEXT_STAGE:inst                                    ; work         ;
;       |OUTPUT_ENCODER:inst5|    ; 1 (1)             ; 0 (0)        ; 0           ; 0            ; 0       ; 0         ; 0    ; 0            ; |DEMBIT1|CONTROLER:in1st|OUTPUT_ENCODER:inst5                               ; work         ;
;    |DATAPATH:inst|              ; 13 (0)            ; 12 (0)       ; 0           ; 0            ; 0       ; 0         ; 0    ; 0            ; |DEMBIT1|DATAPATH:inst                                                      ; work         ;
;       |SRwPL1:inst2|            ; 8 (0)             ; 8 (0)        ; 0           ; 0            ; 0       ; 0         ; 0    ; 0            ; |DEMBIT1|DATAPATH:inst|SRwPL1:inst2                                         ; work         ;
;          |REGISTER8BIT:inst1|   ; 6 (6)             ; 8 (8)        ; 0           ; 0            ; 0       ; 0         ; 0    ; 0            ; |DEMBIT1|DATAPATH:inst|SRwPL1:inst2|REGISTER8BIT:inst1                      ; work         ;
;          |SRwPL:inst|           ; 2 (0)             ; 0 (0)        ; 0           ; 0            ; 0       ; 0         ; 0    ; 0            ; |DEMBIT1|DATAPATH:inst|SRwPL1:inst2|SRwPL:inst                              ; work         ;
;             |MUX4TO1:inst9|     ; 1 (0)             ; 0 (0)        ; 0           ; 0            ; 0       ; 0         ; 0    ; 0            ; |DEMBIT1|DATAPATH:inst|SRwPL1:inst2|SRwPL:inst|MUX4TO1:inst9                ; work         ;
;                |MUX2TO1:inst15| ; 1 (1)             ; 0 (0)        ; 0           ; 0            ; 0       ; 0         ; 0    ; 0            ; |DEMBIT1|DATAPATH:inst|SRwPL1:inst2|SRwPL:inst|MUX4TO1:inst9|MUX2TO1:inst15 ; work         ;
;             |MUX4TO1:inst|      ; 1 (0)             ; 0 (0)        ; 0           ; 0            ; 0       ; 0         ; 0    ; 0            ; |DEMBIT1|DATAPATH:inst|SRwPL1:inst2|SRwPL:inst|MUX4TO1:inst                 ; work         ;
;                |MUX2TO1:inst15| ; 1 (1)             ; 0 (0)        ; 0           ; 0            ; 0       ; 0         ; 0    ; 0            ; |DEMBIT1|DATAPATH:inst|SRwPL1:inst2|SRwPL:inst|MUX4TO1:inst|MUX2TO1:inst15  ; work         ;
;       |UPDOWNCOUNTER3BIT:inst|  ; 5 (4)             ; 4 (4)        ; 0           ; 0            ; 0       ; 0         ; 0    ; 0            ; |DEMBIT1|DATAPATH:inst|UPDOWNCOUNTER3BIT:inst                               ; work         ;
;          |HAS:inst8|            ; 1 (1)             ; 0 (0)        ; 0           ; 0            ; 0       ; 0         ; 0    ; 0            ; |DEMBIT1|DATAPATH:inst|UPDOWNCOUNTER3BIT:inst|HAS:inst8                     ; work         ;
+---------------------------------+-------------------+--------------+-------------+--------------+---------+-----------+------+--------------+-----------------------------------------------------------------------------+--------------+
Note: For table entries with two numbers listed, the numbers in parentheses indicate the number of resources of the given type used by the specific entity alone. The numbers listed outside of parentheses indicate the total resources of the given type used by the specific entity and all of its sub-entities in the hierarchy.


+------------------------------------------------------+
; General Register Statistics                          ;
+----------------------------------------------+-------+
; Statistic                                    ; Value ;
+----------------------------------------------+-------+
; Total registers                              ; 14    ;
; Number of registers using Synchronous Clear  ; 0     ;
; Number of registers using Synchronous Load   ; 6     ;
; Number of registers using Asynchronous Clear ; 0     ;
; Number of registers using Asynchronous Load  ; 0     ;
; Number of registers using Clock Enable       ; 8     ;
; Number of registers using Preset             ; 0     ;
+----------------------------------------------+-------+


+----------------------------------------------------------------------------------------------------------------------------------------------------------------------------+
; Multiplexer Restructuring Statistics (Restructuring Performed)                                                                                                             ;
+--------------------+-----------+---------------+----------------------+------------------------+------------+--------------------------------------------------------------+
; Multiplexer Inputs ; Bus Width ; Baseline Area ; Area if Restructured ; Saving if Restructured ; Registered ; Example Multiplexer Output                                   ;
+--------------------+-----------+---------------+----------------------+------------------------+------------+--------------------------------------------------------------+
; 3:1                ; 2 bits    ; 4 LEs         ; 2 LEs                ; 2 LEs                  ; Yes        ; |DEMBIT1|DATAPATH:inst|SRwPL1:inst2|REGISTER8BIT:inst1|inst  ;
; 4:1                ; 6 bits    ; 12 LEs        ; 12 LEs               ; 0 LEs                  ; Yes        ; |DEMBIT1|DATAPATH:inst|SRwPL1:inst2|REGISTER8BIT:inst1|inst5 ;
+--------------------+-----------+---------------+----------------------+------------------------+------------+--------------------------------------------------------------+


+-------------------------------+
; Elapsed Time Per Partition    ;
+----------------+--------------+
; Partition Name ; Elapsed Time ;
+----------------+--------------+
; Top            ; 00:00:00     ;
+----------------+--------------+


+-------------------------------+
; Analysis & Synthesis Messages ;
+-------------------------------+
Info: *******************************************************************
Info: Running Quartus II 64-Bit Analysis & Synthesis
    Info: Version 13.0.1 Build 232 06/12/2013 Service Pack 1 SJ Web Edition
    Info: Processing started: Tue Dec 03 02:24:22 2024
Info: Command: quartus_map --read_settings_files=on --write_settings_files=off DEMBIT1 -c DEMBIT1
Warning (20028): Parallel compilation is not licensed and has been disabled
Info (12021): Found 1 design units, including 1 entities, in source file mux2to1.bdf
    Info (12023): Found entity 1: MUX2TO1
Info (12021): Found 1 design units, including 1 entities, in source file reg1bit.bdf
    Info (12023): Found entity 1: REG1BIT
Info (12021): Found 1 design units, including 1 entities, in source file mux4to1.bdf
    Info (12023): Found entity 1: MUX4TO1
Info (12021): Found 1 design units, including 1 entities, in source file srwpl.bdf
    Info (12023): Found entity 1: SRwPL
Info (12021): Found 1 design units, including 1 entities, in source file register8bit.bdf
    Info (12023): Found entity 1: REGISTER8BIT
Info (12021): Found 1 design units, including 1 entities, in source file srwpl1.bdf
    Info (12023): Found entity 1: SRwPL1
Info (12021): Found 1 design units, including 1 entities, in source file has.bdf
    Info (12023): Found entity 1: HAS
Info (12021): Found 1 design units, including 1 entities, in source file updowncounter3bit.bdf
    Info (12023): Found entity 1: UPDOWNCOUNTER3BIT
Info (12021): Found 1 design units, including 1 entities, in source file datapath.bdf
    Info (12023): Found entity 1: DATAPATH
Info (12021): Found 1 design units, including 1 entities, in source file next_stage.bdf
    Info (12023): Found entity 1: NEXT_STAGE
Info (12021): Found 1 design units, including 1 entities, in source file current_stage.bdf
    Info (12023): Found entity 1: CURRENT_STAGE
Info (12021): Found 1 design units, including 1 entities, in source file controler.bdf
    Info (12023): Found entity 1: CONTROLER
Info (12021): Found 1 design units, including 1 entities, in source file output_encoder.bdf
    Info (12023): Found entity 1: OUTPUT_ENCODER
Info (12021): Found 1 design units, including 1 entities, in source file dembit1.bdf
    Info (12023): Found entity 1: DEMBIT1
Info (12127): Elaborating entity "DEMBIT1" for the top level hierarchy
Info (12128): Elaborating entity "CONTROLER" for hierarchy "CONTROLER:in1st"
Info (12128): Elaborating entity "OUTPUT_ENCODER" for hierarchy "CONTROLER:in1st|OUTPUT_ENCODER:inst5"
Info (12128): Elaborating entity "CURRENT_STAGE" for hierarchy "CONTROLER:in1st|CURRENT_STAGE:inst1"
Info (12128): Elaborating entity "NEXT_STAGE" for hierarchy "CONTROLER:in1st|NEXT_STAGE:inst"
Info (12128): Elaborating entity "DATAPATH" for hierarchy "DATAPATH:inst"
Info (12128): Elaborating entity "SRwPL1" for hierarchy "DATAPATH:inst|SRwPL1:inst2"
Info (12128): Elaborating entity "REGISTER8BIT" for hierarchy "DATAPATH:inst|SRwPL1:inst2|REGISTER8BIT:inst1"
Info (12128): Elaborating entity "SRwPL" for hierarchy "DATAPATH:inst|SRwPL1:inst2|SRwPL:inst"
Info (12128): Elaborating entity "MUX4TO1" for hierarchy "DATAPATH:inst|SRwPL1:inst2|SRwPL:inst|MUX4TO1:inst"
Info (12128): Elaborating entity "MUX2TO1" for hierarchy "DATAPATH:inst|SRwPL1:inst2|SRwPL:inst|MUX4TO1:inst|MUX2TO1:inst15"
Info (12128): Elaborating entity "UPDOWNCOUNTER3BIT" for hierarchy "DATAPATH:inst|UPDOWNCOUNTER3BIT:inst"
Info (12128): Elaborating entity "HAS" for hierarchy "DATAPATH:inst|UPDOWNCOUNTER3BIT:inst|HAS:inst10"
Info (16010): Generating hard_block partition "hard_block:auto_generated_inst"
    Info (16011): Adding 0 node(s), including 0 DDIO, 0 PLL, 0 transceiver and 0 LCELL
Info (21057): Implemented 34 device resources after synthesis - the final resource count might be different
    Info (21058): Implemented 10 input pins
    Info (21059): Implemented 5 output pins
    Info (21061): Implemented 19 logic cells
Info: Quartus II 64-Bit Analysis & Synthesis was successful. 0 errors, 1 warning
    Info: Peak virtual memory: 4602 megabytes
    Info: Processing ended: Tue Dec 03 02:24:24 2024
    Info: Elapsed time: 00:00:02
    Info: Total CPU time (on all processors): 00:00:01


