Analysis & Synthesis report for LAB4
Sat Dec 28 15:54:15 2024
Quartus II 64-Bit Version 13.0.1 Build 232 06/12/2013 Service Pack 1 SJ Web Edition


---------------------
; Table of Contents ;
---------------------
  1. Legal Notice
  2. Analysis & Synthesis Summary
  3. Analysis & Synthesis Settings
  4. Parallel Compilation
  5. Analysis & Synthesis Source Files Read
  6. Analysis & Synthesis Resource Usage Summary
  7. Analysis & Synthesis Resource Utilization by Entity
  8. Registers Removed During Synthesis
  9. General Register Statistics
 10. Multiplexer Restructuring Statistics (Restructuring Performed)
 11. Parameter Settings for User Entity Instance: DATAPATH:inst1|RF8X16:inst|MUX81:inst1|BUSMUX:inst7
 12. Parameter Settings for User Entity Instance: DATAPATH:inst1|RF8X16:inst|MUX81:inst1|BUSMUX:inst5
 13. Parameter Settings for User Entity Instance: DATAPATH:inst1|RF8X16:inst|MUX81:inst1|BUSMUX:inst
 14. Parameter Settings for User Entity Instance: DATAPATH:inst1|RF8X16:inst|MUX81:inst1|BUSMUX:inst2
 15. Parameter Settings for User Entity Instance: DATAPATH:inst1|RF8X16:inst|MUX81:inst1|BUSMUX:inst6
 16. Parameter Settings for User Entity Instance: DATAPATH:inst1|RF8X16:inst|MUX81:inst1|BUSMUX:inst3
 17. Parameter Settings for User Entity Instance: DATAPATH:inst1|RF8X16:inst|MUX81:inst1|BUSMUX:inst4
 18. Parameter Settings for User Entity Instance: DATAPATH:inst1|RF8X16:inst|REGISTER16BIT:inst|BUSMUX:inst1
 19. Parameter Settings for User Entity Instance: DATAPATH:inst1|RF8X16:inst|REGISTER16BIT:inst2|BUSMUX:inst1
 20. Parameter Settings for User Entity Instance: DATAPATH:inst1|RF8X16:inst|REGISTER16BIT:inst3|BUSMUX:inst1
 21. Parameter Settings for User Entity Instance: DATAPATH:inst1|RF8X16:inst|REGISTER16BIT:inst4|BUSMUX:inst1
 22. Parameter Settings for User Entity Instance: DATAPATH:inst1|RF8X16:inst|REGISTER16BIT:inst5|BUSMUX:inst1
 23. Parameter Settings for User Entity Instance: DATAPATH:inst1|RF8X16:inst|REGISTER16BIT:inst6|BUSMUX:inst1
 24. Parameter Settings for User Entity Instance: DATAPATH:inst1|RF8X16:inst|REGISTER16BIT:inst7|BUSMUX:inst1
 25. Parameter Settings for User Entity Instance: DATAPATH:inst1|RF8X16:inst|REGISTER16BIT:inst8|BUSMUX:inst1
 26. Parameter Settings for User Entity Instance: DATAPATH:inst1|RF8X16:inst|MUX81:inst10|BUSMUX:inst7
 27. Parameter Settings for User Entity Instance: DATAPATH:inst1|RF8X16:inst|MUX81:inst10|BUSMUX:inst5
 28. Parameter Settings for User Entity Instance: DATAPATH:inst1|RF8X16:inst|MUX81:inst10|BUSMUX:inst
 29. Parameter Settings for User Entity Instance: DATAPATH:inst1|RF8X16:inst|MUX81:inst10|BUSMUX:inst2
 30. Parameter Settings for User Entity Instance: DATAPATH:inst1|RF8X16:inst|MUX81:inst10|BUSMUX:inst6
 31. Parameter Settings for User Entity Instance: DATAPATH:inst1|RF8X16:inst|MUX81:inst10|BUSMUX:inst3
 32. Parameter Settings for User Entity Instance: DATAPATH:inst1|RF8X16:inst|MUX81:inst10|BUSMUX:inst4
 33. Parameter Settings for User Entity Instance: DATAPATH:inst1|BUSMUX:inst4
 34. Parameter Settings for User Entity Instance: DATAPATH:inst1|ALU:inst1|BUSMUX:inst7
 35. Parameter Settings for User Entity Instance: DATAPATH:inst1|ALU:inst1|BUSMUX:inst6
 36. Elapsed Time Per Partition
 37. Analysis & Synthesis Messages



----------------
; Legal Notice ;
----------------
Copyright (C) 1991-2013 Altera Corporation
Your use of Altera Corporation's design tools, logic functions 
and other software and tools, and its AMPP partner logic 
functions, and any output files from any of the foregoing 
(including device programming or simulation files), and any 
associated documentation or information are expressly subject 
to the terms and conditions of the Altera Program License 
Subscription Agreement, Altera MegaCore Function License 
Agreement, or other applicable license agreement, including, 
without limitation, that your use is for the sole purpose of 
programming logic devices manufactured by Altera and sold by 
Altera or its authorized distributors.  Please refer to the 
applicable agreement for further details.



+--------------------------------------------------------------------------------------+
; Analysis & Synthesis Summary                                                         ;
+------------------------------------+-------------------------------------------------+
; Analysis & Synthesis Status        ; Successful - Sat Dec 28 15:54:15 2024           ;
; Quartus II 64-Bit Version          ; 13.0.1 Build 232 06/12/2013 SP 1 SJ Web Edition ;
; Revision Name                      ; LAB4                                            ;
; Top-level Entity Name              ; LAB4                                            ;
; Family                             ; Cyclone II                                      ;
; Total logic elements               ; 324                                             ;
;     Total combinational functions  ; 228                                             ;
;     Dedicated logic registers      ; 116                                             ;
; Total registers                    ; 116                                             ;
; Total pins                         ; 27                                              ;
; Total virtual pins                 ; 0                                               ;
; Total memory bits                  ; 0                                               ;
; Embedded Multiplier 9-bit elements ; 0                                               ;
; Total PLLs                         ; 0                                               ;
+------------------------------------+-------------------------------------------------+


+----------------------------------------------------------------------------------------------------------------------+
; Analysis & Synthesis Settings                                                                                        ;
+----------------------------------------------------------------------------+--------------------+--------------------+
; Option                                                                     ; Setting            ; Default Value      ;
+----------------------------------------------------------------------------+--------------------+--------------------+
; Device                                                                     ; EP2C35F672C6       ;                    ;
; Top-level entity name                                                      ; LAB4               ; LAB4               ;
; Family name                                                                ; Cyclone II         ; Cyclone IV GX      ;
; Use smart compilation                                                      ; Off                ; Off                ;
; Enable parallel Assembler and TimeQuest Timing Analyzer during compilation ; On                 ; On                 ;
; Enable compact report table                                                ; Off                ; Off                ;
; Restructure Multiplexers                                                   ; Auto               ; Auto               ;
; Create Debugging Nodes for IP Cores                                        ; Off                ; Off                ;
; Preserve fewer node names                                                  ; On                 ; On                 ;
; Disable OpenCore Plus hardware evaluation                                  ; Off                ; Off                ;
; Verilog Version                                                            ; Verilog_2001       ; Verilog_2001       ;
; VHDL Version                                                               ; VHDL_1993          ; VHDL_1993          ;
; State Machine Processing                                                   ; Auto               ; Auto               ;
; Safe State Machine                                                         ; Off                ; Off                ;
; Extract Verilog State Machines                                             ; On                 ; On                 ;
; Extract VHDL State Machines                                                ; On                 ; On                 ;
; Ignore Verilog initial constructs                                          ; Off                ; Off                ;
; Iteration limit for constant Verilog loops                                 ; 5000               ; 5000               ;
; Iteration limit for non-constant Verilog loops                             ; 250                ; 250                ;
; Add Pass-Through Logic to Inferred RAMs                                    ; On                 ; On                 ;
; Infer RAMs from Raw Logic                                                  ; On                 ; On                 ;
; Parallel Synthesis                                                         ; On                 ; On                 ;
; DSP Block Balancing                                                        ; Auto               ; Auto               ;
; NOT Gate Push-Back                                                         ; On                 ; On                 ;
; Power-Up Don't Care                                                        ; On                 ; On                 ;
; Remove Redundant Logic Cells                                               ; Off                ; Off                ;
; Remove Duplicate Registers                                                 ; On                 ; On                 ;
; Ignore CARRY Buffers                                                       ; Off                ; Off                ;
; Ignore CASCADE Buffers                                                     ; Off                ; Off                ;
; Ignore GLOBAL Buffers                                                      ; Off                ; Off                ;
; Ignore ROW GLOBAL Buffers                                                  ; Off                ; Off                ;
; Ignore LCELL Buffers                                                       ; Off                ; Off                ;
; Ignore SOFT Buffers                                                        ; On                 ; On                 ;
; Limit AHDL Integers to 32 Bits                                             ; Off                ; Off                ;
; Optimization Technique                                                     ; Balanced           ; Balanced           ;
; Carry Chain Length                                                         ; 70                 ; 70                 ;
; Auto Carry Chains                                                          ; On                 ; On                 ;
; Auto Open-Drain Pins                                                       ; On                 ; On                 ;
; Perform WYSIWYG Primitive Resynthesis                                      ; Off                ; Off                ;
; Auto ROM Replacement                                                       ; On                 ; On                 ;
; Auto RAM Replacement                                                       ; On                 ; On                 ;
; Auto Shift Register Replacement                                            ; Auto               ; Auto               ;
; Allow Shift Register Merging across Hierarchies                            ; Auto               ; Auto               ;
; Auto Clock Enable Replacement                                              ; On                 ; On                 ;
; Strict RAM Replacement                                                     ; Off                ; Off                ;
; Allow Synchronous Control Signals                                          ; On                 ; On                 ;
; Force Use of Synchronous Clear Signals                                     ; Off                ; Off                ;
; Auto RAM to Logic Cell Conversion                                          ; Off                ; Off                ;
; Auto Resource Sharing                                                      ; Off                ; Off                ;
; Allow Any RAM Size For Recognition                                         ; Off                ; Off                ;
; Allow Any ROM Size For Recognition                                         ; Off                ; Off                ;
; Allow Any Shift Register Size For Recognition                              ; Off                ; Off                ;
; Use LogicLock Constraints during Resource Balancing                        ; On                 ; On                 ;
; Ignore translate_off and synthesis_off directives                          ; Off                ; Off                ;
; Timing-Driven Synthesis                                                    ; Off                ; Off                ;
; Report Parameter Settings                                                  ; On                 ; On                 ;
; Report Source Assignments                                                  ; On                 ; On                 ;
; Report Connectivity Checks                                                 ; On                 ; On                 ;
; Ignore Maximum Fan-Out Assignments                                         ; Off                ; Off                ;
; Synchronization Register Chain Length                                      ; 2                  ; 2                  ;
; PowerPlay Power Optimization                                               ; Normal compilation ; Normal compilation ;
; HDL message level                                                          ; Level2             ; Level2             ;
; Suppress Register Optimization Related Messages                            ; Off                ; Off                ;
; Number of Removed Registers Reported in Synthesis Report                   ; 5000               ; 5000               ;
; Number of Swept Nodes Reported in Synthesis Report                         ; 5000               ; 5000               ;
; Number of Inverted Registers Reported in Synthesis Report                  ; 100                ; 100                ;
; Clock MUX Protection                                                       ; On                 ; On                 ;
; Auto Gated Clock Conversion                                                ; Off                ; Off                ;
; Block Design Naming                                                        ; Auto               ; Auto               ;
; SDC constraint protection                                                  ; Off                ; Off                ;
; Synthesis Effort                                                           ; Auto               ; Auto               ;
; Shift Register Replacement - Allow Asynchronous Clear Signal               ; On                 ; On                 ;
; Pre-Mapping Resynthesis Optimization                                       ; Off                ; Off                ;
; Analysis & Synthesis Message Level                                         ; Medium             ; Medium             ;
; Disable Register Merging Across Hierarchies                                ; Auto               ; Auto               ;
; Resource Aware Inference For Block RAM                                     ; On                 ; On                 ;
; Synthesis Seed                                                             ; 1                  ; 1                  ;
+----------------------------------------------------------------------------+--------------------+--------------------+


Parallel compilation was disabled, but you have multiple processors available. Enable parallel compilation to reduce compilation time.
+-------------------------------------+
; Parallel Compilation                ;
+----------------------------+--------+
; Processors                 ; Number ;
+----------------------------+--------+
; Number detected on machine ; 16     ;
; Maximum allowed            ; 1      ;
+----------------------------+--------+


+-------------------------------------------------------------------------------------------------------------------------------------------------------------------+
; Analysis & Synthesis Source Files Read                                                                                                                            ;
+----------------------------------+-----------------+------------------------------------+---------------------------------------------------------------+---------+
; File Name with User-Entered Path ; Used in Netlist ; File Type                          ; File Name with Absolute Path                                  ; Library ;
+----------------------------------+-----------------+------------------------------------+---------------------------------------------------------------+---------+
; REGISTER16BIT.bdf                ; yes             ; User Block Diagram/Schematic File  ; E:/thietkeluanliso/NEW/thuchanh/LAB4/REGISTER16BIT.bdf        ;         ;
; MUX81.bdf                        ; yes             ; User Block Diagram/Schematic File  ; E:/thietkeluanliso/NEW/thuchanh/LAB4/MUX81.bdf                ;         ;
; DECODE38.bdf                     ; yes             ; User Block Diagram/Schematic File  ; E:/thietkeluanliso/NEW/thuchanh/LAB4/DECODE38.bdf             ;         ;
; RF8X16.bdf                       ; yes             ; User Block Diagram/Schematic File  ; E:/thietkeluanliso/NEW/thuchanh/LAB4/RF8X16.bdf               ;         ;
; SHIFT1.bdf                       ; yes             ; User Block Diagram/Schematic File  ; E:/thietkeluanliso/NEW/thuchanh/LAB4/SHIFT1.bdf               ;         ;
; SHIFT3.bdf                       ; yes             ; User Block Diagram/Schematic File  ; E:/thietkeluanliso/NEW/thuchanh/LAB4/SHIFT3.bdf               ;         ;
; FA1BIT.bdf                       ; yes             ; User Block Diagram/Schematic File  ; E:/thietkeluanliso/NEW/thuchanh/LAB4/FA1BIT.bdf               ;         ;
; ADDSUB16BIT.bdf                  ; yes             ; User Block Diagram/Schematic File  ; E:/thietkeluanliso/NEW/thuchanh/LAB4/ADDSUB16BIT.bdf          ;         ;
; ALU.bdf                          ; yes             ; User Block Diagram/Schematic File  ; E:/thietkeluanliso/NEW/thuchanh/LAB4/ALU.bdf                  ;         ;
; DATAPATH.bdf                     ; yes             ; User Block Diagram/Schematic File  ; E:/thietkeluanliso/NEW/thuchanh/LAB4/DATAPATH.bdf             ;         ;
; NEXT_STATE.bdf                   ; yes             ; User Block Diagram/Schematic File  ; E:/thietkeluanliso/NEW/thuchanh/LAB4/NEXT_STATE.bdf           ;         ;
; CONTROL.bdf                      ; yes             ; User Block Diagram/Schematic File  ; E:/thietkeluanliso/NEW/thuchanh/LAB4/CONTROL.bdf              ;         ;
; ENCODER.bdf                      ; yes             ; User Block Diagram/Schematic File  ; E:/thietkeluanliso/NEW/thuchanh/LAB4/ENCODER.bdf              ;         ;
; LAB4.bdf                         ; yes             ; User Block Diagram/Schematic File  ; E:/thietkeluanliso/NEW/thuchanh/LAB4/LAB4.bdf                 ;         ;
; SE.bdf                           ; yes             ; User Block Diagram/Schematic File  ; E:/thietkeluanliso/NEW/thuchanh/LAB4/SE.bdf                   ;         ;
; busmux.tdf                       ; yes             ; Megafunction                       ; c:/setupquatus/quartus/libraries/megafunctions/busmux.tdf     ;         ;
; lpm_mux.inc                      ; yes             ; Megafunction                       ; c:/setupquatus/quartus/libraries/megafunctions/lpm_mux.inc    ;         ;
; lpm_mux.tdf                      ; yes             ; Megafunction                       ; c:/setupquatus/quartus/libraries/megafunctions/lpm_mux.tdf    ;         ;
; aglobal130.inc                   ; yes             ; Megafunction                       ; c:/setupquatus/quartus/libraries/megafunctions/aglobal130.inc ;         ;
; muxlut.inc                       ; yes             ; Megafunction                       ; c:/setupquatus/quartus/libraries/megafunctions/muxlut.inc     ;         ;
; bypassff.inc                     ; yes             ; Megafunction                       ; c:/setupquatus/quartus/libraries/megafunctions/bypassff.inc   ;         ;
; altshift.inc                     ; yes             ; Megafunction                       ; c:/setupquatus/quartus/libraries/megafunctions/altshift.inc   ;         ;
; db/mux_boc.tdf                   ; yes             ; Auto-Generated Megafunction        ; E:/thietkeluanliso/NEW/thuchanh/LAB4/db/mux_boc.tdf           ;         ;
+----------------------------------+-----------------+------------------------------------+---------------------------------------------------------------+---------+


+-----------------------------------------------------+
; Analysis & Synthesis Resource Usage Summary         ;
+---------------------------------------------+-------+
; Resource                                    ; Usage ;
+---------------------------------------------+-------+
; Estimated Total logic elements              ; 324   ;
;                                             ;       ;
; Total combinational functions               ; 228   ;
; Logic element usage by number of LUT inputs ;       ;
;     -- 4 input functions                    ; 176   ;
;     -- 3 input functions                    ; 50    ;
;     -- <=2 input functions                  ; 2     ;
;                                             ;       ;
; Logic elements by mode                      ;       ;
;     -- normal mode                          ; 228   ;
;     -- arithmetic mode                      ; 0     ;
;                                             ;       ;
; Total registers                             ; 116   ;
;     -- Dedicated logic registers            ; 116   ;
;     -- I/O registers                        ; 0     ;
;                                             ;       ;
; I/O pins                                    ; 27    ;
; Embedded Multiplier 9-bit elements          ; 0     ;
; Maximum fan-out node                        ; CLK   ;
; Maximum fan-out                             ; 116   ;
; Total fan-out                               ; 1240  ;
; Average fan-out                             ; 3.34  ;
+---------------------------------------------+-------+


+--------------------------------------------------------------------------------------------------------------------------------------------------------------------------------------------------------------------------------------------------------------------------+
; Analysis & Synthesis Resource Utilization by Entity                                                                                                                                                                                                                      ;
+--------------------------------------------+-------------------+--------------+-------------+--------------+---------+-----------+------+--------------+--------------------------------------------------------------------------------------------------+--------------+
; Compilation Hierarchy Node                 ; LC Combinationals ; LC Registers ; Memory Bits ; DSP Elements ; DSP 9x9 ; DSP 18x18 ; Pins ; Virtual Pins ; Full Hierarchy Name                                                                              ; Library Name ;
+--------------------------------------------+-------------------+--------------+-------------+--------------+---------+-----------+------+--------------+--------------------------------------------------------------------------------------------------+--------------+
; |LAB4                                      ; 228 (0)           ; 116 (0)      ; 0           ; 0            ; 0       ; 0         ; 27   ; 0            ; |LAB4                                                                                            ; work         ;
;    |CONTROL:inst|                          ; 13 (1)            ; 4 (4)        ; 0           ; 0            ; 0       ; 0         ; 0    ; 0            ; |LAB4|CONTROL:inst                                                                               ; work         ;
;       |ENCODER:in1st|                      ; 9 (9)             ; 0 (0)        ; 0           ; 0            ; 0       ; 0         ; 0    ; 0            ; |LAB4|CONTROL:inst|ENCODER:in1st                                                                 ; work         ;
;       |NEXT_STATE:inst|                    ; 3 (3)             ; 0 (0)        ; 0           ; 0            ; 0       ; 0         ; 0    ; 0            ; |LAB4|CONTROL:inst|NEXT_STATE:inst                                                               ; work         ;
;    |DATAPATH:inst1|                        ; 215 (0)           ; 112 (0)      ; 0           ; 0            ; 0       ; 0         ; 0    ; 0            ; |LAB4|DATAPATH:inst1                                                                             ; work         ;
;       |ALU:inst1|                          ; 29 (0)            ; 0 (0)        ; 0           ; 0            ; 0       ; 0         ; 0    ; 0            ; |LAB4|DATAPATH:inst1|ALU:inst1                                                                   ; work         ;
;          |ADDSUB16BIT:inst|                ; 29 (0)            ; 0 (0)        ; 0           ; 0            ; 0       ; 0         ; 0    ; 0            ; |LAB4|DATAPATH:inst1|ALU:inst1|ADDSUB16BIT:inst                                                  ; work         ;
;             |FA1BIT:inst10|                ; 2 (2)             ; 0 (0)        ; 0           ; 0            ; 0       ; 0         ; 0    ; 0            ; |LAB4|DATAPATH:inst1|ALU:inst1|ADDSUB16BIT:inst|FA1BIT:inst10                                    ; work         ;
;             |FA1BIT:inst12|                ; 2 (2)             ; 0 (0)        ; 0           ; 0            ; 0       ; 0         ; 0    ; 0            ; |LAB4|DATAPATH:inst1|ALU:inst1|ADDSUB16BIT:inst|FA1BIT:inst12                                    ; work         ;
;             |FA1BIT:inst14|                ; 2 (2)             ; 0 (0)        ; 0           ; 0            ; 0       ; 0         ; 0    ; 0            ; |LAB4|DATAPATH:inst1|ALU:inst1|ADDSUB16BIT:inst|FA1BIT:inst14                                    ; work         ;
;             |FA1BIT:inst16|                ; 2 (2)             ; 0 (0)        ; 0           ; 0            ; 0       ; 0         ; 0    ; 0            ; |LAB4|DATAPATH:inst1|ALU:inst1|ADDSUB16BIT:inst|FA1BIT:inst16                                    ; work         ;
;             |FA1BIT:inst18|                ; 2 (2)             ; 0 (0)        ; 0           ; 0            ; 0       ; 0         ; 0    ; 0            ; |LAB4|DATAPATH:inst1|ALU:inst1|ADDSUB16BIT:inst|FA1BIT:inst18                                    ; work         ;
;             |FA1BIT:inst20|                ; 2 (2)             ; 0 (0)        ; 0           ; 0            ; 0       ; 0         ; 0    ; 0            ; |LAB4|DATAPATH:inst1|ALU:inst1|ADDSUB16BIT:inst|FA1BIT:inst20                                    ; work         ;
;             |FA1BIT:inst22|                ; 2 (2)             ; 0 (0)        ; 0           ; 0            ; 0       ; 0         ; 0    ; 0            ; |LAB4|DATAPATH:inst1|ALU:inst1|ADDSUB16BIT:inst|FA1BIT:inst22                                    ; work         ;
;             |FA1BIT:inst24|                ; 2 (2)             ; 0 (0)        ; 0           ; 0            ; 0       ; 0         ; 0    ; 0            ; |LAB4|DATAPATH:inst1|ALU:inst1|ADDSUB16BIT:inst|FA1BIT:inst24                                    ; work         ;
;             |FA1BIT:inst26|                ; 2 (2)             ; 0 (0)        ; 0           ; 0            ; 0       ; 0         ; 0    ; 0            ; |LAB4|DATAPATH:inst1|ALU:inst1|ADDSUB16BIT:inst|FA1BIT:inst26                                    ; work         ;
;             |FA1BIT:inst28|                ; 1 (1)             ; 0 (0)        ; 0           ; 0            ; 0       ; 0         ; 0    ; 0            ; |LAB4|DATAPATH:inst1|ALU:inst1|ADDSUB16BIT:inst|FA1BIT:inst28                                    ; work         ;
;             |FA1BIT:inst2|                 ; 2 (2)             ; 0 (0)        ; 0           ; 0            ; 0       ; 0         ; 0    ; 0            ; |LAB4|DATAPATH:inst1|ALU:inst1|ADDSUB16BIT:inst|FA1BIT:inst2                                     ; work         ;
;             |FA1BIT:inst4|                 ; 2 (2)             ; 0 (0)        ; 0           ; 0            ; 0       ; 0         ; 0    ; 0            ; |LAB4|DATAPATH:inst1|ALU:inst1|ADDSUB16BIT:inst|FA1BIT:inst4                                     ; work         ;
;             |FA1BIT:inst6|                 ; 2 (2)             ; 0 (0)        ; 0           ; 0            ; 0       ; 0         ; 0    ; 0            ; |LAB4|DATAPATH:inst1|ALU:inst1|ADDSUB16BIT:inst|FA1BIT:inst6                                     ; work         ;
;             |FA1BIT:inst8|                 ; 2 (2)             ; 0 (0)        ; 0           ; 0            ; 0       ; 0         ; 0    ; 0            ; |LAB4|DATAPATH:inst1|ALU:inst1|ADDSUB16BIT:inst|FA1BIT:inst8                                     ; work         ;
;             |FA1BIT:inst|                  ; 2 (2)             ; 0 (0)        ; 0           ; 0            ; 0       ; 0         ; 0    ; 0            ; |LAB4|DATAPATH:inst1|ALU:inst1|ADDSUB16BIT:inst|FA1BIT:inst                                      ; work         ;
;       |RF8X16:inst|                        ; 149 (0)           ; 112 (0)      ; 0           ; 0            ; 0       ; 0         ; 0    ; 0            ; |LAB4|DATAPATH:inst1|RF8X16:inst                                                                 ; work         ;
;          |DECODE38:inst9|                  ; 7 (7)             ; 0 (0)        ; 0           ; 0            ; 0       ; 0         ; 0    ; 0            ; |LAB4|DATAPATH:inst1|RF8X16:inst|DECODE38:inst9                                                  ; work         ;
;          |MUX81:inst10|                    ; 80 (0)            ; 0 (0)        ; 0           ; 0            ; 0       ; 0         ; 0    ; 0            ; |LAB4|DATAPATH:inst1|RF8X16:inst|MUX81:inst10                                                    ; work         ;
;             |busmux:inst7|                 ; 80 (0)            ; 0 (0)        ; 0           ; 0            ; 0       ; 0         ; 0    ; 0            ; |LAB4|DATAPATH:inst1|RF8X16:inst|MUX81:inst10|busmux:inst7                                       ; work         ;
;                |lpm_mux:$00000|            ; 80 (0)            ; 0 (0)        ; 0           ; 0            ; 0       ; 0         ; 0    ; 0            ; |LAB4|DATAPATH:inst1|RF8X16:inst|MUX81:inst10|busmux:inst7|lpm_mux:$00000                        ; work         ;
;                   |mux_boc:auto_generated| ; 80 (80)           ; 0 (0)        ; 0           ; 0            ; 0       ; 0         ; 0    ; 0            ; |LAB4|DATAPATH:inst1|RF8X16:inst|MUX81:inst10|busmux:inst7|lpm_mux:$00000|mux_boc:auto_generated ; work         ;
;          |MUX81:inst1|                     ; 62 (0)            ; 0 (0)        ; 0           ; 0            ; 0       ; 0         ; 0    ; 0            ; |LAB4|DATAPATH:inst1|RF8X16:inst|MUX81:inst1                                                     ; work         ;
;             |busmux:inst7|                 ; 62 (0)            ; 0 (0)        ; 0           ; 0            ; 0       ; 0         ; 0    ; 0            ; |LAB4|DATAPATH:inst1|RF8X16:inst|MUX81:inst1|busmux:inst7                                        ; work         ;
;                |lpm_mux:$00000|            ; 62 (0)            ; 0 (0)        ; 0           ; 0            ; 0       ; 0         ; 0    ; 0            ; |LAB4|DATAPATH:inst1|RF8X16:inst|MUX81:inst1|busmux:inst7|lpm_mux:$00000                         ; work         ;
;                   |mux_boc:auto_generated| ; 62 (62)           ; 0 (0)        ; 0           ; 0            ; 0       ; 0         ; 0    ; 0            ; |LAB4|DATAPATH:inst1|RF8X16:inst|MUX81:inst1|busmux:inst7|lpm_mux:$00000|mux_boc:auto_generated  ; work         ;
;          |REGISTER16BIT:inst2|             ; 0 (0)             ; 16 (16)      ; 0           ; 0            ; 0       ; 0         ; 0    ; 0            ; |LAB4|DATAPATH:inst1|RF8X16:inst|REGISTER16BIT:inst2                                             ; work         ;
;          |REGISTER16BIT:inst3|             ; 0 (0)             ; 16 (16)      ; 0           ; 0            ; 0       ; 0         ; 0    ; 0            ; |LAB4|DATAPATH:inst1|RF8X16:inst|REGISTER16BIT:inst3                                             ; work         ;
;          |REGISTER16BIT:inst4|             ; 0 (0)             ; 16 (16)      ; 0           ; 0            ; 0       ; 0         ; 0    ; 0            ; |LAB4|DATAPATH:inst1|RF8X16:inst|REGISTER16BIT:inst4                                             ; work         ;
;          |REGISTER16BIT:inst5|             ; 0 (0)             ; 16 (16)      ; 0           ; 0            ; 0       ; 0         ; 0    ; 0            ; |LAB4|DATAPATH:inst1|RF8X16:inst|REGISTER16BIT:inst5                                             ; work         ;
;          |REGISTER16BIT:inst7|             ; 0 (0)             ; 16 (16)      ; 0           ; 0            ; 0       ; 0         ; 0    ; 0            ; |LAB4|DATAPATH:inst1|RF8X16:inst|REGISTER16BIT:inst7                                             ; work         ;
;          |REGISTER16BIT:inst8|             ; 0 (0)             ; 16 (16)      ; 0           ; 0            ; 0       ; 0         ; 0    ; 0            ; |LAB4|DATAPATH:inst1|RF8X16:inst|REGISTER16BIT:inst8                                             ; work         ;
;          |REGISTER16BIT:inst|              ; 0 (0)             ; 16 (16)      ; 0           ; 0            ; 0       ; 0         ; 0    ; 0            ; |LAB4|DATAPATH:inst1|RF8X16:inst|REGISTER16BIT:inst                                              ; work         ;
;       |busmux:inst4|                       ; 37 (0)            ; 0 (0)        ; 0           ; 0            ; 0       ; 0         ; 0    ; 0            ; |LAB4|DATAPATH:inst1|busmux:inst4                                                                ; work         ;
;          |lpm_mux:$00000|                  ; 37 (0)            ; 0 (0)        ; 0           ; 0            ; 0       ; 0         ; 0    ; 0            ; |LAB4|DATAPATH:inst1|busmux:inst4|lpm_mux:$00000                                                 ; work         ;
;             |mux_boc:auto_generated|       ; 37 (37)           ; 0 (0)        ; 0           ; 0            ; 0       ; 0         ; 0    ; 0            ; |LAB4|DATAPATH:inst1|busmux:inst4|lpm_mux:$00000|mux_boc:auto_generated                          ; work         ;
+--------------------------------------------+-------------------+--------------+-------------+--------------+---------+-----------+------+--------------+--------------------------------------------------------------------------------------------------+--------------+
Note: For table entries with two numbers listed, the numbers in parentheses indicate the number of resources of the given type used by the specific entity alone. The numbers listed outside of parentheses indicate the total resources of the given type used by the specific entity and all of its sub-entities in the hierarchy.


+-----------------------------------------------------------------------------------------------------+
; Registers Removed During Synthesis                                                                  ;
+------------------------------------------------------------+----------------------------------------+
; Register name                                              ; Reason for Removal                     ;
+------------------------------------------------------------+----------------------------------------+
; DATAPATH:inst1|RF8X16:inst|REGISTER16BIT:inst6|inst[0..15] ; Stuck at GND due to stuck port data_in ;
; Total Number of Removed Registers = 16                     ;                                        ;
+------------------------------------------------------------+----------------------------------------+


+------------------------------------------------------+
; General Register Statistics                          ;
+----------------------------------------------+-------+
; Statistic                                    ; Value ;
+----------------------------------------------+-------+
; Total registers                              ; 116   ;
; Number of registers using Synchronous Clear  ; 1     ;
; Number of registers using Synchronous Load   ; 0     ;
; Number of registers using Asynchronous Clear ; 0     ;
; Number of registers using Asynchronous Load  ; 0     ;
; Number of registers using Clock Enable       ; 112   ;
; Number of registers using Preset             ; 0     ;
+----------------------------------------------+-------+


+-------------------------------------------------------------------------------------------------------------------------------------------------------------------------------------------------------------------------------+
; Multiplexer Restructuring Statistics (Restructuring Performed)                                                                                                                                                                ;
+--------------------+-----------+---------------+----------------------+------------------------+------------+-----------------------------------------------------------------------------------------------------------------+
; Multiplexer Inputs ; Bus Width ; Baseline Area ; Area if Restructured ; Saving if Restructured ; Registered ; Example Multiplexer Output                                                                                      ;
+--------------------+-----------+---------------+----------------------+------------------------+------------+-----------------------------------------------------------------------------------------------------------------+
; 3:1                ; 12 bits   ; 24 LEs        ; 24 LEs               ; 0 LEs                  ; No         ; |LAB4|DATAPATH:inst1|ALU:inst1|busmux:inst7|lpm_mux:$00000|mux_boc:auto_generated|result_node[8]                ;
; 3:1                ; 2 bits    ; 4 LEs         ; 4 LEs                ; 0 LEs                  ; No         ; |LAB4|DATAPATH:inst1|busmux:inst4|lpm_mux:$00000|mux_boc:auto_generated|result_node[2]                          ;
; 8:1                ; 16 bits   ; 80 LEs        ; 80 LEs               ; 0 LEs                  ; No         ; |LAB4|DATAPATH:inst1|RF8X16:inst|MUX81:inst10|busmux:inst7|lpm_mux:$00000|mux_boc:auto_generated|result_node[7] ;
; 8:1                ; 16 bits   ; 80 LEs        ; 80 LEs               ; 0 LEs                  ; No         ; |LAB4|DATAPATH:inst1|RF8X16:inst|MUX81:inst1|busmux:inst7|lpm_mux:$00000|mux_boc:auto_generated|result_node[11] ;
+--------------------+-----------+---------------+----------------------+------------------------+------------+-----------------------------------------------------------------------------------------------------------------+


+--------------------------------------------------------------------------------------------------+
; Parameter Settings for User Entity Instance: DATAPATH:inst1|RF8X16:inst|MUX81:inst1|BUSMUX:inst7 ;
+----------------+-------+-------------------------------------------------------------------------+
; Parameter Name ; Value ; Type                                                                    ;
+----------------+-------+-------------------------------------------------------------------------+
; WIDTH          ; 16    ; Untyped                                                                 ;
+----------------+-------+-------------------------------------------------------------------------+
Note: In order to hide this table in the UI and the text report file, please set the "Show Parameter Settings in Synthesis Report" option in "Analysis and Synthesis Settings -> More Settings" to "Off".


+--------------------------------------------------------------------------------------------------+
; Parameter Settings for User Entity Instance: DATAPATH:inst1|RF8X16:inst|MUX81:inst1|BUSMUX:inst5 ;
+----------------+-------+-------------------------------------------------------------------------+
; Parameter Name ; Value ; Type                                                                    ;
+----------------+-------+-------------------------------------------------------------------------+
; WIDTH          ; 16    ; Untyped                                                                 ;
+----------------+-------+-------------------------------------------------------------------------+
Note: In order to hide this table in the UI and the text report file, please set the "Show Parameter Settings in Synthesis Report" option in "Analysis and Synthesis Settings -> More Settings" to "Off".


+-------------------------------------------------------------------------------------------------+
; Parameter Settings for User Entity Instance: DATAPATH:inst1|RF8X16:inst|MUX81:inst1|BUSMUX:inst ;
+----------------+-------+------------------------------------------------------------------------+
; Parameter Name ; Value ; Type                                                                   ;
+----------------+-------+------------------------------------------------------------------------+
; WIDTH          ; 16    ; Untyped                                                                ;
+----------------+-------+------------------------------------------------------------------------+
Note: In order to hide this table in the UI and the text report file, please set the "Show Parameter Settings in Synthesis Report" option in "Analysis and Synthesis Settings -> More Settings" to "Off".


+--------------------------------------------------------------------------------------------------+
; Parameter Settings for User Entity Instance: DATAPATH:inst1|RF8X16:inst|MUX81:inst1|BUSMUX:inst2 ;
+----------------+-------+-------------------------------------------------------------------------+
; Parameter Name ; Value ; Type                                                                    ;
+----------------+-------+-------------------------------------------------------------------------+
; WIDTH          ; 16    ; Untyped                                                                 ;
+----------------+-------+-------------------------------------------------------------------------+
Note: In order to hide this table in the UI and the text report file, please set the "Show Parameter Settings in Synthesis Report" option in "Analysis and Synthesis Settings -> More Settings" to "Off".


+--------------------------------------------------------------------------------------------------+
; Parameter Settings for User Entity Instance: DATAPATH:inst1|RF8X16:inst|MUX81:inst1|BUSMUX:inst6 ;
+----------------+-------+-------------------------------------------------------------------------+
; Parameter Name ; Value ; Type                                                                    ;
+----------------+-------+-------------------------------------------------------------------------+
; WIDTH          ; 16    ; Untyped                                                                 ;
+----------------+-------+-------------------------------------------------------------------------+
Note: In order to hide this table in the UI and the text report file, please set the "Show Parameter Settings in Synthesis Report" option in "Analysis and Synthesis Settings -> More Settings" to "Off".


+--------------------------------------------------------------------------------------------------+
; Parameter Settings for User Entity Instance: DATAPATH:inst1|RF8X16:inst|MUX81:inst1|BUSMUX:inst3 ;
+----------------+-------+-------------------------------------------------------------------------+
; Parameter Name ; Value ; Type                                                                    ;
+----------------+-------+-------------------------------------------------------------------------+
; WIDTH          ; 16    ; Untyped                                                                 ;
+----------------+-------+-------------------------------------------------------------------------+
Note: In order to hide this table in the UI and the text report file, please set the "Show Parameter Settings in Synthesis Report" option in "Analysis and Synthesis Settings -> More Settings" to "Off".


+--------------------------------------------------------------------------------------------------+
; Parameter Settings for User Entity Instance: DATAPATH:inst1|RF8X16:inst|MUX81:inst1|BUSMUX:inst4 ;
+----------------+-------+-------------------------------------------------------------------------+
; Parameter Name ; Value ; Type                                                                    ;
+----------------+-------+-------------------------------------------------------------------------+
; WIDTH          ; 16    ; Untyped                                                                 ;
+----------------+-------+-------------------------------------------------------------------------+
Note: In order to hide this table in the UI and the text report file, please set the "Show Parameter Settings in Synthesis Report" option in "Analysis and Synthesis Settings -> More Settings" to "Off".


+---------------------------------------------------------------------------------------------------------+
; Parameter Settings for User Entity Instance: DATAPATH:inst1|RF8X16:inst|REGISTER16BIT:inst|BUSMUX:inst1 ;
+----------------+-------+--------------------------------------------------------------------------------+
; Parameter Name ; Value ; Type                                                                           ;
+----------------+-------+--------------------------------------------------------------------------------+
; WIDTH          ; 16    ; Untyped                                                                        ;
+----------------+-------+--------------------------------------------------------------------------------+
Note: In order to hide this table in the UI and the text report file, please set the "Show Parameter Settings in Synthesis Report" option in "Analysis and Synthesis Settings -> More Settings" to "Off".


+----------------------------------------------------------------------------------------------------------+
; Parameter Settings for User Entity Instance: DATAPATH:inst1|RF8X16:inst|REGISTER16BIT:inst2|BUSMUX:inst1 ;
+----------------+-------+---------------------------------------------------------------------------------+
; Parameter Name ; Value ; Type                                                                            ;
+----------------+-------+---------------------------------------------------------------------------------+
; WIDTH          ; 16    ; Untyped                                                                         ;
+----------------+-------+---------------------------------------------------------------------------------+
Note: In order to hide this table in the UI and the text report file, please set the "Show Parameter Settings in Synthesis Report" option in "Analysis and Synthesis Settings -> More Settings" to "Off".


+----------------------------------------------------------------------------------------------------------+
; Parameter Settings for User Entity Instance: DATAPATH:inst1|RF8X16:inst|REGISTER16BIT:inst3|BUSMUX:inst1 ;
+----------------+-------+---------------------------------------------------------------------------------+
; Parameter Name ; Value ; Type                                                                            ;
+----------------+-------+---------------------------------------------------------------------------------+
; WIDTH          ; 16    ; Untyped                                                                         ;
+----------------+-------+---------------------------------------------------------------------------------+
Note: In order to hide this table in the UI and the text report file, please set the "Show Parameter Settings in Synthesis Report" option in "Analysis and Synthesis Settings -> More Settings" to "Off".


+----------------------------------------------------------------------------------------------------------+
; Parameter Settings for User Entity Instance: DATAPATH:inst1|RF8X16:inst|REGISTER16BIT:inst4|BUSMUX:inst1 ;
+----------------+-------+---------------------------------------------------------------------------------+
; Parameter Name ; Value ; Type                                                                            ;
+----------------+-------+---------------------------------------------------------------------------------+
; WIDTH          ; 16    ; Untyped                                                                         ;
+----------------+-------+---------------------------------------------------------------------------------+
Note: In order to hide this table in the UI and the text report file, please set the "Show Parameter Settings in Synthesis Report" option in "Analysis and Synthesis Settings -> More Settings" to "Off".


+----------------------------------------------------------------------------------------------------------+
; Parameter Settings for User Entity Instance: DATAPATH:inst1|RF8X16:inst|REGISTER16BIT:inst5|BUSMUX:inst1 ;
+----------------+-------+---------------------------------------------------------------------------------+
; Parameter Name ; Value ; Type                                                                            ;
+----------------+-------+---------------------------------------------------------------------------------+
; WIDTH          ; 16    ; Untyped                                                                         ;
+----------------+-------+---------------------------------------------------------------------------------+
Note: In order to hide this table in the UI and the text report file, please set the "Show Parameter Settings in Synthesis Report" option in "Analysis and Synthesis Settings -> More Settings" to "Off".


+----------------------------------------------------------------------------------------------------------+
; Parameter Settings for User Entity Instance: DATAPATH:inst1|RF8X16:inst|REGISTER16BIT:inst6|BUSMUX:inst1 ;
+----------------+-------+---------------------------------------------------------------------------------+
; Parameter Name ; Value ; Type                                                                            ;
+----------------+-------+---------------------------------------------------------------------------------+
; WIDTH          ; 16    ; Untyped                                                                         ;
+----------------+-------+---------------------------------------------------------------------------------+
Note: In order to hide this table in the UI and the text report file, please set the "Show Parameter Settings in Synthesis Report" option in "Analysis and Synthesis Settings -> More Settings" to "Off".


+----------------------------------------------------------------------------------------------------------+
; Parameter Settings for User Entity Instance: DATAPATH:inst1|RF8X16:inst|REGISTER16BIT:inst7|BUSMUX:inst1 ;
+----------------+-------+---------------------------------------------------------------------------------+
; Parameter Name ; Value ; Type                                                                            ;
+----------------+-------+---------------------------------------------------------------------------------+
; WIDTH          ; 16    ; Untyped                                                                         ;
+----------------+-------+---------------------------------------------------------------------------------+
Note: In order to hide this table in the UI and the text report file, please set the "Show Parameter Settings in Synthesis Report" option in "Analysis and Synthesis Settings -> More Settings" to "Off".


+----------------------------------------------------------------------------------------------------------+
; Parameter Settings for User Entity Instance: DATAPATH:inst1|RF8X16:inst|REGISTER16BIT:inst8|BUSMUX:inst1 ;
+----------------+-------+---------------------------------------------------------------------------------+
; Parameter Name ; Value ; Type                                                                            ;
+----------------+-------+---------------------------------------------------------------------------------+
; WIDTH          ; 16    ; Untyped                                                                         ;
+----------------+-------+---------------------------------------------------------------------------------+
Note: In order to hide this table in the UI and the text report file, please set the "Show Parameter Settings in Synthesis Report" option in "Analysis and Synthesis Settings -> More Settings" to "Off".


+---------------------------------------------------------------------------------------------------+
; Parameter Settings for User Entity Instance: DATAPATH:inst1|RF8X16:inst|MUX81:inst10|BUSMUX:inst7 ;
+----------------+-------+--------------------------------------------------------------------------+
; Parameter Name ; Value ; Type                                                                     ;
+----------------+-------+--------------------------------------------------------------------------+
; WIDTH          ; 16    ; Untyped                                                                  ;
+----------------+-------+--------------------------------------------------------------------------+
Note: In order to hide this table in the UI and the text report file, please set the "Show Parameter Settings in Synthesis Report" option in "Analysis and Synthesis Settings -> More Settings" to "Off".


+---------------------------------------------------------------------------------------------------+
; Parameter Settings for User Entity Instance: DATAPATH:inst1|RF8X16:inst|MUX81:inst10|BUSMUX:inst5 ;
+----------------+-------+--------------------------------------------------------------------------+
; Parameter Name ; Value ; Type                                                                     ;
+----------------+-------+--------------------------------------------------------------------------+
; WIDTH          ; 16    ; Untyped                                                                  ;
+----------------+-------+--------------------------------------------------------------------------+
Note: In order to hide this table in the UI and the text report file, please set the "Show Parameter Settings in Synthesis Report" option in "Analysis and Synthesis Settings -> More Settings" to "Off".


+--------------------------------------------------------------------------------------------------+
; Parameter Settings for User Entity Instance: DATAPATH:inst1|RF8X16:inst|MUX81:inst10|BUSMUX:inst ;
+----------------+-------+-------------------------------------------------------------------------+
; Parameter Name ; Value ; Type                                                                    ;
+----------------+-------+-------------------------------------------------------------------------+
; WIDTH          ; 16    ; Untyped                                                                 ;
+----------------+-------+-------------------------------------------------------------------------+
Note: In order to hide this table in the UI and the text report file, please set the "Show Parameter Settings in Synthesis Report" option in "Analysis and Synthesis Settings -> More Settings" to "Off".


+---------------------------------------------------------------------------------------------------+
; Parameter Settings for User Entity Instance: DATAPATH:inst1|RF8X16:inst|MUX81:inst10|BUSMUX:inst2 ;
+----------------+-------+--------------------------------------------------------------------------+
; Parameter Name ; Value ; Type                                                                     ;
+----------------+-------+--------------------------------------------------------------------------+
; WIDTH          ; 16    ; Untyped                                                                  ;
+----------------+-------+--------------------------------------------------------------------------+
Note: In order to hide this table in the UI and the text report file, please set the "Show Parameter Settings in Synthesis Report" option in "Analysis and Synthesis Settings -> More Settings" to "Off".


+---------------------------------------------------------------------------------------------------+
; Parameter Settings for User Entity Instance: DATAPATH:inst1|RF8X16:inst|MUX81:inst10|BUSMUX:inst6 ;
+----------------+-------+--------------------------------------------------------------------------+
; Parameter Name ; Value ; Type                                                                     ;
+----------------+-------+--------------------------------------------------------------------------+
; WIDTH          ; 16    ; Untyped                                                                  ;
+----------------+-------+--------------------------------------------------------------------------+
Note: In order to hide this table in the UI and the text report file, please set the "Show Parameter Settings in Synthesis Report" option in "Analysis and Synthesis Settings -> More Settings" to "Off".


+---------------------------------------------------------------------------------------------------+
; Parameter Settings for User Entity Instance: DATAPATH:inst1|RF8X16:inst|MUX81:inst10|BUSMUX:inst3 ;
+----------------+-------+--------------------------------------------------------------------------+
; Parameter Name ; Value ; Type                                                                     ;
+----------------+-------+--------------------------------------------------------------------------+
; WIDTH          ; 16    ; Untyped                                                                  ;
+----------------+-------+--------------------------------------------------------------------------+
Note: In order to hide this table in the UI and the text report file, please set the "Show Parameter Settings in Synthesis Report" option in "Analysis and Synthesis Settings -> More Settings" to "Off".


+---------------------------------------------------------------------------------------------------+
; Parameter Settings for User Entity Instance: DATAPATH:inst1|RF8X16:inst|MUX81:inst10|BUSMUX:inst4 ;
+----------------+-------+--------------------------------------------------------------------------+
; Parameter Name ; Value ; Type                                                                     ;
+----------------+-------+--------------------------------------------------------------------------+
; WIDTH          ; 16    ; Untyped                                                                  ;
+----------------+-------+--------------------------------------------------------------------------+
Note: In order to hide this table in the UI and the text report file, please set the "Show Parameter Settings in Synthesis Report" option in "Analysis and Synthesis Settings -> More Settings" to "Off".


+--------------------------------------------------------------------------+
; Parameter Settings for User Entity Instance: DATAPATH:inst1|BUSMUX:inst4 ;
+----------------+-------+-------------------------------------------------+
; Parameter Name ; Value ; Type                                            ;
+----------------+-------+-------------------------------------------------+
; WIDTH          ; 16    ; Untyped                                         ;
+----------------+-------+-------------------------------------------------+
Note: In order to hide this table in the UI and the text report file, please set the "Show Parameter Settings in Synthesis Report" option in "Analysis and Synthesis Settings -> More Settings" to "Off".


+------------------------------------------------------------------------------------+
; Parameter Settings for User Entity Instance: DATAPATH:inst1|ALU:inst1|BUSMUX:inst7 ;
+----------------+-------+-----------------------------------------------------------+
; Parameter Name ; Value ; Type                                                      ;
+----------------+-------+-----------------------------------------------------------+
; WIDTH          ; 16    ; Untyped                                                   ;
+----------------+-------+-----------------------------------------------------------+
Note: In order to hide this table in the UI and the text report file, please set the "Show Parameter Settings in Synthesis Report" option in "Analysis and Synthesis Settings -> More Settings" to "Off".


+------------------------------------------------------------------------------------+
; Parameter Settings for User Entity Instance: DATAPATH:inst1|ALU:inst1|BUSMUX:inst6 ;
+----------------+-------+-----------------------------------------------------------+
; Parameter Name ; Value ; Type                                                      ;
+----------------+-------+-----------------------------------------------------------+
; WIDTH          ; 16    ; Untyped                                                   ;
+----------------+-------+-----------------------------------------------------------+
Note: In order to hide this table in the UI and the text report file, please set the "Show Parameter Settings in Synthesis Report" option in "Analysis and Synthesis Settings -> More Settings" to "Off".


+-------------------------------+
; Elapsed Time Per Partition    ;
+----------------+--------------+
; Partition Name ; Elapsed Time ;
+----------------+--------------+
; Top            ; 00:00:01     ;
+----------------+--------------+


+-------------------------------+
; Analysis & Synthesis Messages ;
+-------------------------------+
Info: *******************************************************************
Info: Running Quartus II 64-Bit Analysis & Synthesis
    Info: Version 13.0.1 Build 232 06/12/2013 Service Pack 1 SJ Web Edition
    Info: Processing started: Sat Dec 28 15:54:11 2024
Info: Command: quartus_map --read_settings_files=on --write_settings_files=off LAB4 -c LAB4
Warning (20028): Parallel compilation is not licensed and has been disabled
Info (12021): Found 1 design units, including 1 entities, in source file register16bit.bdf
    Info (12023): Found entity 1: REGISTER16BIT
Info (12021): Found 1 design units, including 1 entities, in source file mux81.bdf
    Info (12023): Found entity 1: MUX81
Info (12021): Found 1 design units, including 1 entities, in source file decode38.bdf
    Info (12023): Found entity 1: DECODE38
Info (12021): Found 1 design units, including 1 entities, in source file rf8x16.bdf
    Info (12023): Found entity 1: RF8X16
Info (12021): Found 1 design units, including 1 entities, in source file shift1.bdf
    Info (12023): Found entity 1: SHIFT1
Info (12021): Found 1 design units, including 1 entities, in source file shift3.bdf
    Info (12023): Found entity 1: SHIFT3
Info (12021): Found 1 design units, including 1 entities, in source file fa1bit.bdf
    Info (12023): Found entity 1: FA1BIT
Info (12021): Found 1 design units, including 1 entities, in source file addsub16bit.bdf
    Info (12023): Found entity 1: ADDSUB16BIT
Info (12021): Found 1 design units, including 1 entities, in source file alu.bdf
    Info (12023): Found entity 1: ALU
Info (12021): Found 1 design units, including 1 entities, in source file datapath.bdf
    Info (12023): Found entity 1: DATAPATH
Info (12021): Found 1 design units, including 1 entities, in source file next_state.bdf
    Info (12023): Found entity 1: NEXT_STATE
Info (12021): Found 1 design units, including 1 entities, in source file control.bdf
    Info (12023): Found entity 1: CONTROL
Info (12021): Found 1 design units, including 1 entities, in source file encoder.bdf
    Info (12023): Found entity 1: ENCODER
Info (12021): Found 1 design units, including 1 entities, in source file lab4.bdf
    Info (12023): Found entity 1: LAB4
Info (12021): Found 1 design units, including 1 entities, in source file se.bdf
    Info (12023): Found entity 1: SE
Info (12127): Elaborating entity "LAB4" for the top level hierarchy
Info (12128): Elaborating entity "CONTROL" for hierarchy "CONTROL:inst"
Info (12128): Elaborating entity "ENCODER" for hierarchy "CONTROL:inst|ENCODER:in1st"
Info (12128): Elaborating entity "NEXT_STATE" for hierarchy "CONTROL:inst|NEXT_STATE:inst"
Info (12128): Elaborating entity "DATAPATH" for hierarchy "DATAPATH:inst1"
Info (12128): Elaborating entity "RF8X16" for hierarchy "DATAPATH:inst1|RF8X16:inst"
Info (12128): Elaborating entity "MUX81" for hierarchy "DATAPATH:inst1|RF8X16:inst|MUX81:inst1"
Info (12128): Elaborating entity "BUSMUX" for hierarchy "DATAPATH:inst1|RF8X16:inst|MUX81:inst1|BUSMUX:inst7"
Info (12130): Elaborated megafunction instantiation "DATAPATH:inst1|RF8X16:inst|MUX81:inst1|BUSMUX:inst7"
Info (12133): Instantiated megafunction "DATAPATH:inst1|RF8X16:inst|MUX81:inst1|BUSMUX:inst7" with the following parameter:
    Info (12134): Parameter "WIDTH" = "16"
Info (12128): Elaborating entity "lpm_mux" for hierarchy "DATAPATH:inst1|RF8X16:inst|MUX81:inst1|BUSMUX:inst7|lpm_mux:$00000"
Info (12131): Elaborated megafunction instantiation "DATAPATH:inst1|RF8X16:inst|MUX81:inst1|BUSMUX:inst7|lpm_mux:$00000", which is child of megafunction instantiation "DATAPATH:inst1|RF8X16:inst|MUX81:inst1|BUSMUX:inst7"
Info (12021): Found 1 design units, including 1 entities, in source file db/mux_boc.tdf
    Info (12023): Found entity 1: mux_boc
Info (12128): Elaborating entity "mux_boc" for hierarchy "DATAPATH:inst1|RF8X16:inst|MUX81:inst1|BUSMUX:inst7|lpm_mux:$00000|mux_boc:auto_generated"
Info (12128): Elaborating entity "REGISTER16BIT" for hierarchy "DATAPATH:inst1|RF8X16:inst|REGISTER16BIT:inst"
Info (12128): Elaborating entity "DECODE38" for hierarchy "DATAPATH:inst1|RF8X16:inst|DECODE38:inst9"
Info (12128): Elaborating entity "ALU" for hierarchy "DATAPATH:inst1|ALU:inst1"
Info (12128): Elaborating entity "ADDSUB16BIT" for hierarchy "DATAPATH:inst1|ALU:inst1|ADDSUB16BIT:inst"
Info (12128): Elaborating entity "FA1BIT" for hierarchy "DATAPATH:inst1|ALU:inst1|ADDSUB16BIT:inst|FA1BIT:inst30"
Info (12128): Elaborating entity "SHIFT1" for hierarchy "DATAPATH:inst1|ALU:inst1|SHIFT1:inst5"
Info (12128): Elaborating entity "SHIFT3" for hierarchy "DATAPATH:inst1|ALU:inst1|SHIFT3:inst8"
Info (12128): Elaborating entity "SE" for hierarchy "DATAPATH:inst1|SE:inst3"
Info (16010): Generating hard_block partition "hard_block:auto_generated_inst"
    Info (16011): Adding 0 node(s), including 0 DDIO, 0 PLL, 0 transceiver and 0 LCELL
Info (21057): Implemented 367 device resources after synthesis - the final resource count might be different
    Info (21058): Implemented 6 input pins
    Info (21059): Implemented 21 output pins
    Info (21061): Implemented 340 logic cells
Info: Quartus II 64-Bit Analysis & Synthesis was successful. 0 errors, 1 warning
    Info: Peak virtual memory: 4622 megabytes
    Info: Processing ended: Sat Dec 28 15:54:15 2024
    Info: Elapsed time: 00:00:04
    Info: Total CPU time (on all processors): 00:00:03


