Analysis & Synthesis report for SRA
Sat Dec 28 15:55:52 2024
Quartus II 64-Bit Version 13.0.1 Build 232 06/12/2013 Service Pack 1 SJ Web Edition


---------------------
; Table of Contents ;
---------------------
  1. Legal Notice
  2. Analysis & Synthesis Summary
  3. Analysis & Synthesis Settings
  4. Parallel Compilation
  5. Analysis & Synthesis Source Files Read
  6. Analysis & Synthesis Resource Usage Summary
  7. Analysis & Synthesis Resource Utilization by Entity
  8. Registers Removed During Synthesis
  9. General Register Statistics
 10. Multiplexer Restructuring Statistics (Restructuring Performed)
 11. Parameter Settings for User Entity Instance: DATAPATH_MR:inst2|RF_R1_R3:inst|BUSMUX:in1st
 12. Parameter Settings for User Entity Instance: DATAPATH_MR:inst2|RF_R1_R3:inst|REGISTER16BIT:inst1|BUSMUX:inst1
 13. Parameter Settings for User Entity Instance: DATAPATH_MR:inst2|RF_R1_R3:inst|REGISTER16BIT:inst2|BUSMUX:inst1
 14. Parameter Settings for User Entity Instance: DATAPATH_MR:inst2|ABSMINMAX:inst5|BUSMUX:in111st
 15. Parameter Settings for User Entity Instance: DATAPATH_MR:inst2|ABSMINMAX:inst5|BUSMUX:ins11t
 16. Parameter Settings for User Entity Instance: DATAPATH_MR:inst2|REGISTER16BIT:inst1|BUSMUX:inst1
 17. Parameter Settings for User Entity Instance: DATAPATH_MR:inst2|ABSMINMAXADDSUB:inst6|BUSMUX:inst37
 18. Parameter Settings for User Entity Instance: DATAPATH_MR:inst2|ABSMINMAXADDSUB:inst6|BUSMUX:inst36
 19. Elapsed Time Per Partition
 20. Analysis & Synthesis Messages



----------------
; Legal Notice ;
----------------
Copyright (C) 1991-2013 Altera Corporation
Your use of Altera Corporation's design tools, logic functions 
and other software and tools, and its AMPP partner logic 
functions, and any output files from any of the foregoing 
(including device programming or simulation files), and any 
associated documentation or information are expressly subject 
to the terms and conditions of the Altera Program License 
Subscription Agreement, Altera MegaCore Function License 
Agreement, or other applicable license agreement, including, 
without limitation, that your use is for the sole purpose of 
programming logic devices manufactured by Altera and sold by 
Altera or its authorized distributors.  Please refer to the 
applicable agreement for further details.



+--------------------------------------------------------------------------------------+
; Analysis & Synthesis Summary                                                         ;
+------------------------------------+-------------------------------------------------+
; Analysis & Synthesis Status        ; Successful - Sat Dec 28 15:55:52 2024           ;
; Quartus II 64-Bit Version          ; 13.0.1 Build 232 06/12/2013 SP 1 SJ Web Edition ;
; Revision Name                      ; SRA                                             ;
; Top-level Entity Name              ; SRA_MR                                          ;
; Family                             ; Cyclone II                                      ;
; Total logic elements               ; 311                                             ;
;     Total combinational functions  ; 296                                             ;
;     Dedicated logic registers      ; 50                                              ;
; Total registers                    ; 50                                              ;
; Total pins                         ; 52                                              ;
; Total virtual pins                 ; 0                                               ;
; Total memory bits                  ; 0                                               ;
; Embedded Multiplier 9-bit elements ; 0                                               ;
; Total PLLs                         ; 0                                               ;
+------------------------------------+-------------------------------------------------+


+----------------------------------------------------------------------------------------------------------------------+
; Analysis & Synthesis Settings                                                                                        ;
+----------------------------------------------------------------------------+--------------------+--------------------+
; Option                                                                     ; Setting            ; Default Value      ;
+----------------------------------------------------------------------------+--------------------+--------------------+
; Device                                                                     ; EP2C35F672C6       ;                    ;
; Top-level entity name                                                      ; SRA_MR             ; SRA                ;
; Family name                                                                ; Cyclone II         ; Cyclone IV GX      ;
; Use smart compilation                                                      ; Off                ; Off                ;
; Enable parallel Assembler and TimeQuest Timing Analyzer during compilation ; On                 ; On                 ;
; Enable compact report table                                                ; Off                ; Off                ;
; Restructure Multiplexers                                                   ; Auto               ; Auto               ;
; Create Debugging Nodes for IP Cores                                        ; Off                ; Off                ;
; Preserve fewer node names                                                  ; On                 ; On                 ;
; Disable OpenCore Plus hardware evaluation                                  ; Off                ; Off                ;
; Verilog Version                                                            ; Verilog_2001       ; Verilog_2001       ;
; VHDL Version                                                               ; VHDL_1993          ; VHDL_1993          ;
; State Machine Processing                                                   ; Auto               ; Auto               ;
; Safe State Machine                                                         ; Off                ; Off                ;
; Extract Verilog State Machines                                             ; On                 ; On                 ;
; Extract VHDL State Machines                                                ; On                 ; On                 ;
; Ignore Verilog initial constructs                                          ; Off                ; Off                ;
; Iteration limit for constant Verilog loops                                 ; 5000               ; 5000               ;
; Iteration limit for non-constant Verilog loops                             ; 250                ; 250                ;
; Add Pass-Through Logic to Inferred RAMs                                    ; On                 ; On                 ;
; Infer RAMs from Raw Logic                                                  ; On                 ; On                 ;
; Parallel Synthesis                                                         ; On                 ; On                 ;
; DSP Block Balancing                                                        ; Auto               ; Auto               ;
; NOT Gate Push-Back                                                         ; On                 ; On                 ;
; Power-Up Don't Care                                                        ; On                 ; On                 ;
; Remove Redundant Logic Cells                                               ; Off                ; Off                ;
; Remove Duplicate Registers                                                 ; On                 ; On                 ;
; Ignore CARRY Buffers                                                       ; Off                ; Off                ;
; Ignore CASCADE Buffers                                                     ; Off                ; Off                ;
; Ignore GLOBAL Buffers                                                      ; Off                ; Off                ;
; Ignore ROW GLOBAL Buffers                                                  ; Off                ; Off                ;
; Ignore LCELL Buffers                                                       ; Off                ; Off                ;
; Ignore SOFT Buffers                                                        ; On                 ; On                 ;
; Limit AHDL Integers to 32 Bits                                             ; Off                ; Off                ;
; Optimization Technique                                                     ; Balanced           ; Balanced           ;
; Carry Chain Length                                                         ; 70                 ; 70                 ;
; Auto Carry Chains                                                          ; On                 ; On                 ;
; Auto Open-Drain Pins                                                       ; On                 ; On                 ;
; Perform WYSIWYG Primitive Resynthesis                                      ; Off                ; Off                ;
; Auto ROM Replacement                                                       ; On                 ; On                 ;
; Auto RAM Replacement                                                       ; On                 ; On                 ;
; Auto Shift Register Replacement                                            ; Auto               ; Auto               ;
; Allow Shift Register Merging across Hierarchies                            ; Auto               ; Auto               ;
; Auto Clock Enable Replacement                                              ; On                 ; On                 ;
; Strict RAM Replacement                                                     ; Off                ; Off                ;
; Allow Synchronous Control Signals                                          ; On                 ; On                 ;
; Force Use of Synchronous Clear Signals                                     ; Off                ; Off                ;
; Auto RAM to Logic Cell Conversion                                          ; Off                ; Off                ;
; Auto Resource Sharing                                                      ; Off                ; Off                ;
; Allow Any RAM Size For Recognition                                         ; Off                ; Off                ;
; Allow Any ROM Size For Recognition                                         ; Off                ; Off                ;
; Allow Any Shift Register Size For Recognition                              ; Off                ; Off                ;
; Use LogicLock Constraints during Resource Balancing                        ; On                 ; On                 ;
; Ignore translate_off and synthesis_off directives                          ; Off                ; Off                ;
; Timing-Driven Synthesis                                                    ; Off                ; Off                ;
; Report Parameter Settings                                                  ; On                 ; On                 ;
; Report Source Assignments                                                  ; On                 ; On                 ;
; Report Connectivity Checks                                                 ; On                 ; On                 ;
; Ignore Maximum Fan-Out Assignments                                         ; Off                ; Off                ;
; Synchronization Register Chain Length                                      ; 2                  ; 2                  ;
; PowerPlay Power Optimization                                               ; Normal compilation ; Normal compilation ;
; HDL message level                                                          ; Level2             ; Level2             ;
; Suppress Register Optimization Related Messages                            ; Off                ; Off                ;
; Number of Removed Registers Reported in Synthesis Report                   ; 5000               ; 5000               ;
; Number of Swept Nodes Reported in Synthesis Report                         ; 5000               ; 5000               ;
; Number of Inverted Registers Reported in Synthesis Report                  ; 100                ; 100                ;
; Clock MUX Protection                                                       ; On                 ; On                 ;
; Auto Gated Clock Conversion                                                ; Off                ; Off                ;
; Block Design Naming                                                        ; Auto               ; Auto               ;
; SDC constraint protection                                                  ; Off                ; Off                ;
; Synthesis Effort                                                           ; Auto               ; Auto               ;
; Shift Register Replacement - Allow Asynchronous Clear Signal               ; On                 ; On                 ;
; Pre-Mapping Resynthesis Optimization                                       ; Off                ; Off                ;
; Analysis & Synthesis Message Level                                         ; Medium             ; Medium             ;
; Disable Register Merging Across Hierarchies                                ; Auto               ; Auto               ;
; Resource Aware Inference For Block RAM                                     ; On                 ; On                 ;
; Synthesis Seed                                                             ; 1                  ; 1                  ;
+----------------------------------------------------------------------------+--------------------+--------------------+


Parallel compilation was disabled, but you have multiple processors available. Enable parallel compilation to reduce compilation time.
+-------------------------------------+
; Parallel Compilation                ;
+----------------------------+--------+
; Processors                 ; Number ;
+----------------------------+--------+
; Number detected on machine ; 16     ;
; Maximum allowed            ; 1      ;
+----------------------------+--------+


+-------------------------------------------------------------------------------------------------------------------------------------------------------------------+
; Analysis & Synthesis Source Files Read                                                                                                                            ;
+----------------------------------+-----------------+------------------------------------+---------------------------------------------------------------+---------+
; File Name with User-Entered Path ; Used in Netlist ; File Type                          ; File Name with Absolute Path                                  ; Library ;
+----------------------------------+-----------------+------------------------------------+---------------------------------------------------------------+---------+
; FA1BIT.bdf                       ; yes             ; User Block Diagram/Schematic File  ; E:/thietkeluanliso/NEW/SRA/SRA/FA1BIT.bdf                     ;         ;
; REGISTER16BIT.bdf                ; yes             ; User Block Diagram/Schematic File  ; E:/thietkeluanliso/NEW/SRA/SRA/REGISTER16BIT.bdf              ;         ;
; SHIFTER1.bdf                     ; yes             ; User Block Diagram/Schematic File  ; E:/thietkeluanliso/NEW/SRA/SRA/SHIFTER1.bdf                   ;         ;
; SHIFTER1V1.bdf                   ; yes             ; User Block Diagram/Schematic File  ; E:/thietkeluanliso/NEW/SRA/SRA/SHIFTER1V1.bdf                 ;         ;
; SHIFTER3.bdf                     ; yes             ; User Block Diagram/Schematic File  ; E:/thietkeluanliso/NEW/SRA/SRA/SHIFTER3.bdf                   ;         ;
; SHIFTER3V1.bdf                   ; yes             ; User Block Diagram/Schematic File  ; E:/thietkeluanliso/NEW/SRA/SRA/SHIFTER3V1.bdf                 ;         ;
; NEXT_STATE_SR.bdf                ; yes             ; User Block Diagram/Schematic File  ; E:/thietkeluanliso/NEW/SRA/SRA/NEXT_STATE_SR.bdf              ;         ;
; ABSMINMAX.bdf                    ; yes             ; User Block Diagram/Schematic File  ; E:/thietkeluanliso/NEW/SRA/SRA/ABSMINMAX.bdf                  ;         ;
; ADD_V1.bdf                       ; yes             ; User Block Diagram/Schematic File  ; E:/thietkeluanliso/NEW/SRA/SRA/ADD_V1.bdf                     ;         ;
; ABSMINMAXADDSUB.bdf              ; yes             ; User Block Diagram/Schematic File  ; E:/thietkeluanliso/NEW/SRA/SRA/ABSMINMAXADDSUB.bdf            ;         ;
; DECODER_2TO1.bdf                 ; yes             ; User Block Diagram/Schematic File  ; E:/thietkeluanliso/NEW/SRA/SRA/DECODER_2TO1.bdf               ;         ;
; RF_R1_R3.bdf                     ; yes             ; User Block Diagram/Schematic File  ; E:/thietkeluanliso/NEW/SRA/SRA/RF_R1_R3.bdf                   ;         ;
; DATAPATH_MR.bdf                  ; yes             ; User Block Diagram/Schematic File  ; E:/thietkeluanliso/NEW/SRA/SRA/DATAPATH_MR.bdf                ;         ;
; CONTROLER_MR.bdf                 ; yes             ; User Block Diagram/Schematic File  ; E:/thietkeluanliso/NEW/SRA/SRA/CONTROLER_MR.bdf               ;         ;
; CONTROL_MRR.bdf                  ; yes             ; User Block Diagram/Schematic File  ; E:/thietkeluanliso/NEW/SRA/SRA/CONTROL_MRR.bdf                ;         ;
; SRA_MR.bdf                       ; yes             ; User Block Diagram/Schematic File  ; E:/thietkeluanliso/NEW/SRA/SRA/SRA_MR.bdf                     ;         ;
; busmux.tdf                       ; yes             ; Megafunction                       ; c:/setupquatus/quartus/libraries/megafunctions/busmux.tdf     ;         ;
; lpm_mux.inc                      ; yes             ; Megafunction                       ; c:/setupquatus/quartus/libraries/megafunctions/lpm_mux.inc    ;         ;
; lpm_mux.tdf                      ; yes             ; Megafunction                       ; c:/setupquatus/quartus/libraries/megafunctions/lpm_mux.tdf    ;         ;
; aglobal130.inc                   ; yes             ; Megafunction                       ; c:/setupquatus/quartus/libraries/megafunctions/aglobal130.inc ;         ;
; muxlut.inc                       ; yes             ; Megafunction                       ; c:/setupquatus/quartus/libraries/megafunctions/muxlut.inc     ;         ;
; bypassff.inc                     ; yes             ; Megafunction                       ; c:/setupquatus/quartus/libraries/megafunctions/bypassff.inc   ;         ;
; altshift.inc                     ; yes             ; Megafunction                       ; c:/setupquatus/quartus/libraries/megafunctions/altshift.inc   ;         ;
; db/mux_boc.tdf                   ; yes             ; Auto-Generated Megafunction        ; E:/thietkeluanliso/NEW/SRA/SRA/db/mux_boc.tdf                 ;         ;
+----------------------------------+-----------------+------------------------------------+---------------------------------------------------------------+---------+


+-------------------------------------------------------------------------+
; Analysis & Synthesis Resource Usage Summary                             ;
+---------------------------------------------+---------------------------+
; Resource                                    ; Usage                     ;
+---------------------------------------------+---------------------------+
; Estimated Total logic elements              ; 311                       ;
;                                             ;                           ;
; Total combinational functions               ; 296                       ;
; Logic element usage by number of LUT inputs ;                           ;
;     -- 4 input functions                    ; 235                       ;
;     -- 3 input functions                    ; 43                        ;
;     -- <=2 input functions                  ; 18                        ;
;                                             ;                           ;
; Logic elements by mode                      ;                           ;
;     -- normal mode                          ; 296                       ;
;     -- arithmetic mode                      ; 0                         ;
;                                             ;                           ;
; Total registers                             ; 50                        ;
;     -- Dedicated logic registers            ; 50                        ;
;     -- I/O registers                        ; 0                         ;
;                                             ;                           ;
; I/O pins                                    ; 52                        ;
; Embedded Multiplier 9-bit elements          ; 0                         ;
; Maximum fan-out node                        ; CONTROL_MRR:inst|inst2[0] ;
; Maximum fan-out                             ; 113                       ;
; Total fan-out                               ; 1335                      ;
; Average fan-out                             ; 3.35                      ;
+---------------------------------------------+---------------------------+


+-----------------------------------------------------------------------------------------------------------------------------------------------------------------------------------------------------------------------------------------------------------------+
; Analysis & Synthesis Resource Utilization by Entity                                                                                                                                                                                                             ;
+-----------------------------------------+-------------------+--------------+-------------+--------------+---------+-----------+------+--------------+--------------------------------------------------------------------------------------------+--------------+
; Compilation Hierarchy Node              ; LC Combinationals ; LC Registers ; Memory Bits ; DSP Elements ; DSP 9x9 ; DSP 18x18 ; Pins ; Virtual Pins ; Full Hierarchy Name                                                                        ; Library Name ;
+-----------------------------------------+-------------------+--------------+-------------+--------------+---------+-----------+------+--------------+--------------------------------------------------------------------------------------------+--------------+
; |SRA_MR                                 ; 296 (0)           ; 50 (0)       ; 0           ; 0            ; 0       ; 0         ; 52   ; 0            ; |SRA_MR                                                                                    ; work         ;
;    |CONTROL_MRR:inst|                   ; 11 (1)            ; 3 (3)        ; 0           ; 0            ; 0       ; 0         ; 0    ; 0            ; |SRA_MR|CONTROL_MRR:inst                                                                   ; work         ;
;       |CONTROLER_MR:inst|               ; 8 (8)             ; 0 (0)        ; 0           ; 0            ; 0       ; 0         ; 0    ; 0            ; |SRA_MR|CONTROL_MRR:inst|CONTROLER_MR:inst                                                 ; work         ;
;       |NEXT_STATE_SR:inst1|             ; 2 (2)             ; 0 (0)        ; 0           ; 0            ; 0       ; 0         ; 0    ; 0            ; |SRA_MR|CONTROL_MRR:inst|NEXT_STATE_SR:inst1                                               ; work         ;
;    |DATAPATH_MR:inst2|                  ; 285 (215)         ; 47 (0)       ; 0           ; 0            ; 0       ; 0         ; 0    ; 0            ; |SRA_MR|DATAPATH_MR:inst2                                                                  ; work         ;
;       |ABSMINMAX:inst5|                 ; 18 (0)            ; 0 (0)        ; 0           ; 0            ; 0       ; 0         ; 0    ; 0            ; |SRA_MR|DATAPATH_MR:inst2|ABSMINMAX:inst5                                                  ; work         ;
;          |ADD_V1:in1st|                 ; 18 (0)            ; 0 (0)        ; 0           ; 0            ; 0       ; 0         ; 0    ; 0            ; |SRA_MR|DATAPATH_MR:inst2|ABSMINMAX:inst5|ADD_V1:in1st                                     ; work         ;
;             |FA1BIT:inst10|             ; 1 (1)             ; 0 (0)        ; 0           ; 0            ; 0       ; 0         ; 0    ; 0            ; |SRA_MR|DATAPATH_MR:inst2|ABSMINMAX:inst5|ADD_V1:in1st|FA1BIT:inst10                       ; work         ;
;             |FA1BIT:inst12|             ; 1 (1)             ; 0 (0)        ; 0           ; 0            ; 0       ; 0         ; 0    ; 0            ; |SRA_MR|DATAPATH_MR:inst2|ABSMINMAX:inst5|ADD_V1:in1st|FA1BIT:inst12                       ; work         ;
;             |FA1BIT:inst14|             ; 1 (1)             ; 0 (0)        ; 0           ; 0            ; 0       ; 0         ; 0    ; 0            ; |SRA_MR|DATAPATH_MR:inst2|ABSMINMAX:inst5|ADD_V1:in1st|FA1BIT:inst14                       ; work         ;
;             |FA1BIT:inst16|             ; 1 (1)             ; 0 (0)        ; 0           ; 0            ; 0       ; 0         ; 0    ; 0            ; |SRA_MR|DATAPATH_MR:inst2|ABSMINMAX:inst5|ADD_V1:in1st|FA1BIT:inst16                       ; work         ;
;             |FA1BIT:inst18|             ; 1 (1)             ; 0 (0)        ; 0           ; 0            ; 0       ; 0         ; 0    ; 0            ; |SRA_MR|DATAPATH_MR:inst2|ABSMINMAX:inst5|ADD_V1:in1st|FA1BIT:inst18                       ; work         ;
;             |FA1BIT:inst20|             ; 1 (1)             ; 0 (0)        ; 0           ; 0            ; 0       ; 0         ; 0    ; 0            ; |SRA_MR|DATAPATH_MR:inst2|ABSMINMAX:inst5|ADD_V1:in1st|FA1BIT:inst20                       ; work         ;
;             |FA1BIT:inst22|             ; 1 (1)             ; 0 (0)        ; 0           ; 0            ; 0       ; 0         ; 0    ; 0            ; |SRA_MR|DATAPATH_MR:inst2|ABSMINMAX:inst5|ADD_V1:in1st|FA1BIT:inst22                       ; work         ;
;             |FA1BIT:inst24|             ; 1 (1)             ; 0 (0)        ; 0           ; 0            ; 0       ; 0         ; 0    ; 0            ; |SRA_MR|DATAPATH_MR:inst2|ABSMINMAX:inst5|ADD_V1:in1st|FA1BIT:inst24                       ; work         ;
;             |FA1BIT:inst26|             ; 1 (1)             ; 0 (0)        ; 0           ; 0            ; 0       ; 0         ; 0    ; 0            ; |SRA_MR|DATAPATH_MR:inst2|ABSMINMAX:inst5|ADD_V1:in1st|FA1BIT:inst26                       ; work         ;
;             |FA1BIT:inst28|             ; 2 (2)             ; 0 (0)        ; 0           ; 0            ; 0       ; 0         ; 0    ; 0            ; |SRA_MR|DATAPATH_MR:inst2|ABSMINMAX:inst5|ADD_V1:in1st|FA1BIT:inst28                       ; work         ;
;             |FA1BIT:inst2|              ; 2 (2)             ; 0 (0)        ; 0           ; 0            ; 0       ; 0         ; 0    ; 0            ; |SRA_MR|DATAPATH_MR:inst2|ABSMINMAX:inst5|ADD_V1:in1st|FA1BIT:inst2                        ; work         ;
;             |FA1BIT:inst30|             ; 2 (2)             ; 0 (0)        ; 0           ; 0            ; 0       ; 0         ; 0    ; 0            ; |SRA_MR|DATAPATH_MR:inst2|ABSMINMAX:inst5|ADD_V1:in1st|FA1BIT:inst30                       ; work         ;
;             |FA1BIT:inst4|              ; 1 (1)             ; 0 (0)        ; 0           ; 0            ; 0       ; 0         ; 0    ; 0            ; |SRA_MR|DATAPATH_MR:inst2|ABSMINMAX:inst5|ADD_V1:in1st|FA1BIT:inst4                        ; work         ;
;             |FA1BIT:inst6|              ; 1 (1)             ; 0 (0)        ; 0           ; 0            ; 0       ; 0         ; 0    ; 0            ; |SRA_MR|DATAPATH_MR:inst2|ABSMINMAX:inst5|ADD_V1:in1st|FA1BIT:inst6                        ; work         ;
;             |FA1BIT:inst8|              ; 1 (1)             ; 0 (0)        ; 0           ; 0            ; 0       ; 0         ; 0    ; 0            ; |SRA_MR|DATAPATH_MR:inst2|ABSMINMAX:inst5|ADD_V1:in1st|FA1BIT:inst8                        ; work         ;
;       |ABSMINMAXADDSUB:inst6|           ; 35 (17)           ; 0 (0)        ; 0           ; 0            ; 0       ; 0         ; 0    ; 0            ; |SRA_MR|DATAPATH_MR:inst2|ABSMINMAXADDSUB:inst6                                            ; work         ;
;          |ADD_V1:in1st|                 ; 18 (0)            ; 0 (0)        ; 0           ; 0            ; 0       ; 0         ; 0    ; 0            ; |SRA_MR|DATAPATH_MR:inst2|ABSMINMAXADDSUB:inst6|ADD_V1:in1st                               ; work         ;
;             |FA1BIT:inst10|             ; 1 (1)             ; 0 (0)        ; 0           ; 0            ; 0       ; 0         ; 0    ; 0            ; |SRA_MR|DATAPATH_MR:inst2|ABSMINMAXADDSUB:inst6|ADD_V1:in1st|FA1BIT:inst10                 ; work         ;
;             |FA1BIT:inst12|             ; 1 (1)             ; 0 (0)        ; 0           ; 0            ; 0       ; 0         ; 0    ; 0            ; |SRA_MR|DATAPATH_MR:inst2|ABSMINMAXADDSUB:inst6|ADD_V1:in1st|FA1BIT:inst12                 ; work         ;
;             |FA1BIT:inst14|             ; 1 (1)             ; 0 (0)        ; 0           ; 0            ; 0       ; 0         ; 0    ; 0            ; |SRA_MR|DATAPATH_MR:inst2|ABSMINMAXADDSUB:inst6|ADD_V1:in1st|FA1BIT:inst14                 ; work         ;
;             |FA1BIT:inst16|             ; 1 (1)             ; 0 (0)        ; 0           ; 0            ; 0       ; 0         ; 0    ; 0            ; |SRA_MR|DATAPATH_MR:inst2|ABSMINMAXADDSUB:inst6|ADD_V1:in1st|FA1BIT:inst16                 ; work         ;
;             |FA1BIT:inst18|             ; 1 (1)             ; 0 (0)        ; 0           ; 0            ; 0       ; 0         ; 0    ; 0            ; |SRA_MR|DATAPATH_MR:inst2|ABSMINMAXADDSUB:inst6|ADD_V1:in1st|FA1BIT:inst18                 ; work         ;
;             |FA1BIT:inst20|             ; 1 (1)             ; 0 (0)        ; 0           ; 0            ; 0       ; 0         ; 0    ; 0            ; |SRA_MR|DATAPATH_MR:inst2|ABSMINMAXADDSUB:inst6|ADD_V1:in1st|FA1BIT:inst20                 ; work         ;
;             |FA1BIT:inst22|             ; 1 (1)             ; 0 (0)        ; 0           ; 0            ; 0       ; 0         ; 0    ; 0            ; |SRA_MR|DATAPATH_MR:inst2|ABSMINMAXADDSUB:inst6|ADD_V1:in1st|FA1BIT:inst22                 ; work         ;
;             |FA1BIT:inst24|             ; 2 (2)             ; 0 (0)        ; 0           ; 0            ; 0       ; 0         ; 0    ; 0            ; |SRA_MR|DATAPATH_MR:inst2|ABSMINMAXADDSUB:inst6|ADD_V1:in1st|FA1BIT:inst24                 ; work         ;
;             |FA1BIT:inst26|             ; 2 (2)             ; 0 (0)        ; 0           ; 0            ; 0       ; 0         ; 0    ; 0            ; |SRA_MR|DATAPATH_MR:inst2|ABSMINMAXADDSUB:inst6|ADD_V1:in1st|FA1BIT:inst26                 ; work         ;
;             |FA1BIT:inst28|             ; 1 (1)             ; 0 (0)        ; 0           ; 0            ; 0       ; 0         ; 0    ; 0            ; |SRA_MR|DATAPATH_MR:inst2|ABSMINMAXADDSUB:inst6|ADD_V1:in1st|FA1BIT:inst28                 ; work         ;
;             |FA1BIT:inst2|              ; 1 (1)             ; 0 (0)        ; 0           ; 0            ; 0       ; 0         ; 0    ; 0            ; |SRA_MR|DATAPATH_MR:inst2|ABSMINMAXADDSUB:inst6|ADD_V1:in1st|FA1BIT:inst2                  ; work         ;
;             |FA1BIT:inst30|             ; 1 (1)             ; 0 (0)        ; 0           ; 0            ; 0       ; 0         ; 0    ; 0            ; |SRA_MR|DATAPATH_MR:inst2|ABSMINMAXADDSUB:inst6|ADD_V1:in1st|FA1BIT:inst30                 ; work         ;
;             |FA1BIT:inst4|              ; 1 (1)             ; 0 (0)        ; 0           ; 0            ; 0       ; 0         ; 0    ; 0            ; |SRA_MR|DATAPATH_MR:inst2|ABSMINMAXADDSUB:inst6|ADD_V1:in1st|FA1BIT:inst4                  ; work         ;
;             |FA1BIT:inst6|              ; 1 (1)             ; 0 (0)        ; 0           ; 0            ; 0       ; 0         ; 0    ; 0            ; |SRA_MR|DATAPATH_MR:inst2|ABSMINMAXADDSUB:inst6|ADD_V1:in1st|FA1BIT:inst6                  ; work         ;
;             |FA1BIT:inst8|              ; 1 (1)             ; 0 (0)        ; 0           ; 0            ; 0       ; 0         ; 0    ; 0            ; |SRA_MR|DATAPATH_MR:inst2|ABSMINMAXADDSUB:inst6|ADD_V1:in1st|FA1BIT:inst8                  ; work         ;
;             |FA1BIT:inst|               ; 1 (1)             ; 0 (0)        ; 0           ; 0            ; 0       ; 0         ; 0    ; 0            ; |SRA_MR|DATAPATH_MR:inst2|ABSMINMAXADDSUB:inst6|ADD_V1:in1st|FA1BIT:inst                   ; work         ;
;       |REGISTER16BIT:inst1|             ; 0 (0)             ; 16 (16)      ; 0           ; 0            ; 0       ; 0         ; 0    ; 0            ; |SRA_MR|DATAPATH_MR:inst2|REGISTER16BIT:inst1                                              ; work         ;
;       |RF_R1_R3:inst|                   ; 17 (0)            ; 31 (0)       ; 0           ; 0            ; 0       ; 0         ; 0    ; 0            ; |SRA_MR|DATAPATH_MR:inst2|RF_R1_R3:inst                                                    ; work         ;
;          |DECODER_2TO1:inst|            ; 1 (1)             ; 0 (0)        ; 0           ; 0            ; 0       ; 0         ; 0    ; 0            ; |SRA_MR|DATAPATH_MR:inst2|RF_R1_R3:inst|DECODER_2TO1:inst                                  ; work         ;
;          |REGISTER16BIT:inst1|          ; 0 (0)             ; 16 (16)      ; 0           ; 0            ; 0       ; 0         ; 0    ; 0            ; |SRA_MR|DATAPATH_MR:inst2|RF_R1_R3:inst|REGISTER16BIT:inst1                                ; work         ;
;          |REGISTER16BIT:inst2|          ; 0 (0)             ; 15 (15)      ; 0           ; 0            ; 0       ; 0         ; 0    ; 0            ; |SRA_MR|DATAPATH_MR:inst2|RF_R1_R3:inst|REGISTER16BIT:inst2                                ; work         ;
;          |busmux:in1st|                 ; 16 (0)            ; 0 (0)        ; 0           ; 0            ; 0       ; 0         ; 0    ; 0            ; |SRA_MR|DATAPATH_MR:inst2|RF_R1_R3:inst|busmux:in1st                                       ; work         ;
;             |lpm_mux:$00000|            ; 16 (0)            ; 0 (0)        ; 0           ; 0            ; 0       ; 0         ; 0    ; 0            ; |SRA_MR|DATAPATH_MR:inst2|RF_R1_R3:inst|busmux:in1st|lpm_mux:$00000                        ; work         ;
;                |mux_boc:auto_generated| ; 16 (16)           ; 0 (0)        ; 0           ; 0            ; 0       ; 0         ; 0    ; 0            ; |SRA_MR|DATAPATH_MR:inst2|RF_R1_R3:inst|busmux:in1st|lpm_mux:$00000|mux_boc:auto_generated ; work         ;
+-----------------------------------------+-------------------+--------------+-------------+--------------+---------+-----------+------+--------------+--------------------------------------------------------------------------------------------+--------------+
Note: For table entries with two numbers listed, the numbers in parentheses indicate the number of resources of the given type used by the specific entity alone. The numbers listed outside of parentheses indicate the total resources of the given type used by the specific entity and all of its sub-entities in the hierarchy.


+-------------------------------------------------------------------------------------------------------+
; Registers Removed During Synthesis                                                                    ;
+--------------------------------------------------------------+----------------------------------------+
; Register name                                                ; Reason for Removal                     ;
+--------------------------------------------------------------+----------------------------------------+
; DATAPATH_MR:inst2|RF_R1_R3:inst|REGISTER16BIT:inst2|inst[15] ; Stuck at GND due to stuck port data_in ;
; Total Number of Removed Registers = 1                        ;                                        ;
+--------------------------------------------------------------+----------------------------------------+


+------------------------------------------------------+
; General Register Statistics                          ;
+----------------------------------------------+-------+
; Statistic                                    ; Value ;
+----------------------------------------------+-------+
; Total registers                              ; 50    ;
; Number of registers using Synchronous Clear  ; 0     ;
; Number of registers using Synchronous Load   ; 0     ;
; Number of registers using Asynchronous Clear ; 50    ;
; Number of registers using Asynchronous Load  ; 0     ;
; Number of registers using Clock Enable       ; 47    ;
; Number of registers using Preset             ; 0     ;
+----------------------------------------------+-------+


+-----------------------------------------------------------------------------------------------------------------------------------------------------------------------------------------------------------------------------------+
; Multiplexer Restructuring Statistics (Restructuring Performed)                                                                                                                                                                    ;
+--------------------+-----------+---------------+----------------------+------------------------+------------+---------------------------------------------------------------------------------------------------------------------+
; Multiplexer Inputs ; Bus Width ; Baseline Area ; Area if Restructured ; Saving if Restructured ; Registered ; Example Multiplexer Output                                                                                          ;
+--------------------+-----------+---------------+----------------------+------------------------+------------+---------------------------------------------------------------------------------------------------------------------+
; 3:1                ; 16 bits   ; 32 LEs        ; 32 LEs               ; 0 LEs                  ; No         ; |SRA_MR|DATAPATH_MR:inst2|ABSMINMAX:inst5|busmux:in111st|lpm_mux:$00000|mux_boc:auto_generated|result_node[15]      ;
; 3:1                ; 16 bits   ; 32 LEs        ; 32 LEs               ; 0 LEs                  ; No         ; |SRA_MR|DATAPATH_MR:inst2|ABSMINMAXADDSUB:inst6|busmux:inst37|lpm_mux:$00000|mux_boc:auto_generated|result_node[14] ;
+--------------------+-----------+---------------+----------------------+------------------------+------------+---------------------------------------------------------------------------------------------------------------------+


+-------------------------------------------------------------------------------------------+
; Parameter Settings for User Entity Instance: DATAPATH_MR:inst2|RF_R1_R3:inst|BUSMUX:in1st ;
+----------------+-------+------------------------------------------------------------------+
; Parameter Name ; Value ; Type                                                             ;
+----------------+-------+------------------------------------------------------------------+
; WIDTH          ; 16    ; Untyped                                                          ;
+----------------+-------+------------------------------------------------------------------+
Note: In order to hide this table in the UI and the text report file, please set the "Show Parameter Settings in Synthesis Report" option in "Analysis and Synthesis Settings -> More Settings" to "Off".


+---------------------------------------------------------------------------------------------------------------+
; Parameter Settings for User Entity Instance: DATAPATH_MR:inst2|RF_R1_R3:inst|REGISTER16BIT:inst1|BUSMUX:inst1 ;
+----------------+-------+--------------------------------------------------------------------------------------+
; Parameter Name ; Value ; Type                                                                                 ;
+----------------+-------+--------------------------------------------------------------------------------------+
; WIDTH          ; 16    ; Untyped                                                                              ;
+----------------+-------+--------------------------------------------------------------------------------------+
Note: In order to hide this table in the UI and the text report file, please set the "Show Parameter Settings in Synthesis Report" option in "Analysis and Synthesis Settings -> More Settings" to "Off".


+---------------------------------------------------------------------------------------------------------------+
; Parameter Settings for User Entity Instance: DATAPATH_MR:inst2|RF_R1_R3:inst|REGISTER16BIT:inst2|BUSMUX:inst1 ;
+----------------+-------+--------------------------------------------------------------------------------------+
; Parameter Name ; Value ; Type                                                                                 ;
+----------------+-------+--------------------------------------------------------------------------------------+
; WIDTH          ; 16    ; Untyped                                                                              ;
+----------------+-------+--------------------------------------------------------------------------------------+
Note: In order to hide this table in the UI and the text report file, please set the "Show Parameter Settings in Synthesis Report" option in "Analysis and Synthesis Settings -> More Settings" to "Off".


+-----------------------------------------------------------------------------------------------+
; Parameter Settings for User Entity Instance: DATAPATH_MR:inst2|ABSMINMAX:inst5|BUSMUX:in111st ;
+----------------+-------+----------------------------------------------------------------------+
; Parameter Name ; Value ; Type                                                                 ;
+----------------+-------+----------------------------------------------------------------------+
; WIDTH          ; 16    ; Untyped                                                              ;
+----------------+-------+----------------------------------------------------------------------+
Note: In order to hide this table in the UI and the text report file, please set the "Show Parameter Settings in Synthesis Report" option in "Analysis and Synthesis Settings -> More Settings" to "Off".


+----------------------------------------------------------------------------------------------+
; Parameter Settings for User Entity Instance: DATAPATH_MR:inst2|ABSMINMAX:inst5|BUSMUX:ins11t ;
+----------------+-------+---------------------------------------------------------------------+
; Parameter Name ; Value ; Type                                                                ;
+----------------+-------+---------------------------------------------------------------------+
; WIDTH          ; 16    ; Untyped                                                             ;
+----------------+-------+---------------------------------------------------------------------+
Note: In order to hide this table in the UI and the text report file, please set the "Show Parameter Settings in Synthesis Report" option in "Analysis and Synthesis Settings -> More Settings" to "Off".


+-------------------------------------------------------------------------------------------------+
; Parameter Settings for User Entity Instance: DATAPATH_MR:inst2|REGISTER16BIT:inst1|BUSMUX:inst1 ;
+----------------+-------+------------------------------------------------------------------------+
; Parameter Name ; Value ; Type                                                                   ;
+----------------+-------+------------------------------------------------------------------------+
; WIDTH          ; 16    ; Untyped                                                                ;
+----------------+-------+------------------------------------------------------------------------+
Note: In order to hide this table in the UI and the text report file, please set the "Show Parameter Settings in Synthesis Report" option in "Analysis and Synthesis Settings -> More Settings" to "Off".


+----------------------------------------------------------------------------------------------------+
; Parameter Settings for User Entity Instance: DATAPATH_MR:inst2|ABSMINMAXADDSUB:inst6|BUSMUX:inst37 ;
+----------------+-------+---------------------------------------------------------------------------+
; Parameter Name ; Value ; Type                                                                      ;
+----------------+-------+---------------------------------------------------------------------------+
; WIDTH          ; 16    ; Untyped                                                                   ;
+----------------+-------+---------------------------------------------------------------------------+
Note: In order to hide this table in the UI and the text report file, please set the "Show Parameter Settings in Synthesis Report" option in "Analysis and Synthesis Settings -> More Settings" to "Off".


+----------------------------------------------------------------------------------------------------+
; Parameter Settings for User Entity Instance: DATAPATH_MR:inst2|ABSMINMAXADDSUB:inst6|BUSMUX:inst36 ;
+----------------+-------+---------------------------------------------------------------------------+
; Parameter Name ; Value ; Type                                                                      ;
+----------------+-------+---------------------------------------------------------------------------+
; WIDTH          ; 16    ; Untyped                                                                   ;
+----------------+-------+---------------------------------------------------------------------------+
Note: In order to hide this table in the UI and the text report file, please set the "Show Parameter Settings in Synthesis Report" option in "Analysis and Synthesis Settings -> More Settings" to "Off".


+-------------------------------+
; Elapsed Time Per Partition    ;
+----------------+--------------+
; Partition Name ; Elapsed Time ;
+----------------+--------------+
; Top            ; 00:00:01     ;
+----------------+--------------+


+-------------------------------+
; Analysis & Synthesis Messages ;
+-------------------------------+
Info: *******************************************************************
Info: Running Quartus II 64-Bit Analysis & Synthesis
    Info: Version 13.0.1 Build 232 06/12/2013 Service Pack 1 SJ Web Edition
    Info: Processing started: Sat Dec 28 15:55:47 2024
Info: Command: quartus_map --read_settings_files=on --write_settings_files=off SRA -c SRA
Warning (20028): Parallel compilation is not licensed and has been disabled
Info (12021): Found 1 design units, including 1 entities, in source file fa1bit.bdf
    Info (12023): Found entity 1: FA1BIT
Info (12021): Found 1 design units, including 1 entities, in source file sub16bit.bdf
    Info (12023): Found entity 1: SUB16BIT
Info (12021): Found 1 design units, including 1 entities, in source file abs.bdf
    Info (12023): Found entity 1: ABS
Info (12021): Found 1 design units, including 1 entities, in source file minmax.bdf
    Info (12023): Found entity 1: MINMAX
Info (12021): Found 1 design units, including 1 entities, in source file max.bdf
    Info (12023): Found entity 1: MAX
Info (12021): Found 1 design units, including 1 entities, in source file min.bdf
    Info (12023): Found entity 1: MIN
Info (12021): Found 1 design units, including 1 entities, in source file register16bit.bdf
    Info (12023): Found entity 1: REGISTER16BIT
Info (12021): Found 1 design units, including 1 entities, in source file shifter1.bdf
    Info (12023): Found entity 1: SHIFTER1
Info (12021): Found 1 design units, including 1 entities, in source file shifter1v1.bdf
    Info (12023): Found entity 1: SHIFTER1V1
Info (12021): Found 1 design units, including 1 entities, in source file shifter3.bdf
    Info (12023): Found entity 1: SHIFTER3
Info (12021): Found 1 design units, including 1 entities, in source file shifter3v1.bdf
    Info (12023): Found entity 1: SHIFTER3V1
Info (12021): Found 1 design units, including 1 entities, in source file add16bit.bdf
    Info (12023): Found entity 1: ADD16BIT
Info (12021): Found 1 design units, including 1 entities, in source file mux4to1.bdf
    Info (12023): Found entity 1: MUX4TO1
Info (12021): Found 1 design units, including 1 entities, in source file mux8to1.bdf
    Info (12023): Found entity 1: MUX8TO1
Info (12021): Found 1 design units, including 1 entities, in source file datapath_shareregister.bdf
    Info (12023): Found entity 1: DATAPATH_SHAREREGISTER
Info (12021): Found 1 design units, including 1 entities, in source file next_state_sr.bdf
    Info (12023): Found entity 1: NEXT_STATE_SR
Info (12021): Found 1 design units, including 1 entities, in source file output_encoder.bdf
    Info (12023): Found entity 1: OUTPUT_ENCODER
Info (12021): Found 1 design units, including 1 entities, in source file controler_sr.bdf
    Info (12023): Found entity 1: CONTROLER_SR
Info (12021): Found 1 design units, including 1 entities, in source file sra_share_register.bdf
    Info (12023): Found entity 1: SRA_SHARE_REGISTER
Info (12021): Found 1 design units, including 1 entities, in source file absminmax.bdf
    Info (12023): Found entity 1: ABSMINMAX
Info (12021): Found 1 design units, including 1 entities, in source file add_v1.bdf
    Info (12023): Found entity 1: ADD_V1
Info (12021): Found 1 design units, including 1 entities, in source file absminmaxaddsub.bdf
    Info (12023): Found entity 1: ABSMINMAXADDSUB
Info (12021): Found 1 design units, including 1 entities, in source file datapath_sf.bdf
    Info (12023): Found entity 1: DATAPATH_SF
Info (12021): Found 1 design units, including 1 entities, in source file output_encoder_sf.bdf
    Info (12023): Found entity 1: OUTPUT_ENCODER_SF
Info (12021): Found 1 design units, including 1 entities, in source file controler_sf.bdf
    Info (12023): Found entity 1: CONTROLER_SF
Info (12021): Found 1 design units, including 1 entities, in source file sra_sf.bdf
    Info (12023): Found entity 1: SRA_SF
Info (12021): Found 1 design units, including 1 entities, in source file datapath_sb.bdf
    Info (12023): Found entity 1: DATAPATH_SB
Info (12021): Found 1 design units, including 1 entities, in source file output_encoder_sb.bdf
    Info (12023): Found entity 1: OUTPUT_ENCODER_SB
Info (12021): Found 1 design units, including 1 entities, in source file controler_sb.bdf
    Info (12023): Found entity 1: CONTROLER_SB
Info (12021): Found 1 design units, including 1 entities, in source file sra_sb.bdf
    Info (12023): Found entity 1: SRA_SB
Info (12021): Found 1 design units, including 1 entities, in source file decoder_2to1.bdf
    Info (12023): Found entity 1: DECODER_2TO1
Info (12021): Found 1 design units, including 1 entities, in source file rf_r1_r3.bdf
    Info (12023): Found entity 1: RF_R1_R3
Info (12021): Found 1 design units, including 1 entities, in source file datapath_mr.bdf
    Info (12023): Found entity 1: DATAPATH_MR
Info (12021): Found 1 design units, including 1 entities, in source file controler_mr.bdf
    Info (12023): Found entity 1: CONTROLER_MR
Info (12021): Found 1 design units, including 1 entities, in source file control_mrr.bdf
    Info (12023): Found entity 1: CONTROL_MRR
Info (12021): Found 1 design units, including 1 entities, in source file sra_mr.bdf
    Info (12023): Found entity 1: SRA_MR
Info (12127): Elaborating entity "SRA_MR" for the top level hierarchy
Info (12128): Elaborating entity "CONTROL_MRR" for hierarchy "CONTROL_MRR:inst"
Info (12128): Elaborating entity "CONTROLER_MR" for hierarchy "CONTROL_MRR:inst|CONTROLER_MR:inst"
Info (12128): Elaborating entity "NEXT_STATE_SR" for hierarchy "CONTROL_MRR:inst|NEXT_STATE_SR:inst1"
Info (12128): Elaborating entity "DATAPATH_MR" for hierarchy "DATAPATH_MR:inst2"
Info (12128): Elaborating entity "RF_R1_R3" for hierarchy "DATAPATH_MR:inst2|RF_R1_R3:inst"
Info (12128): Elaborating entity "BUSMUX" for hierarchy "DATAPATH_MR:inst2|RF_R1_R3:inst|BUSMUX:in1st"
Info (12130): Elaborated megafunction instantiation "DATAPATH_MR:inst2|RF_R1_R3:inst|BUSMUX:in1st"
Info (12133): Instantiated megafunction "DATAPATH_MR:inst2|RF_R1_R3:inst|BUSMUX:in1st" with the following parameter:
    Info (12134): Parameter "WIDTH" = "16"
Info (12128): Elaborating entity "lpm_mux" for hierarchy "DATAPATH_MR:inst2|RF_R1_R3:inst|BUSMUX:in1st|lpm_mux:$00000"
Info (12131): Elaborated megafunction instantiation "DATAPATH_MR:inst2|RF_R1_R3:inst|BUSMUX:in1st|lpm_mux:$00000", which is child of megafunction instantiation "DATAPATH_MR:inst2|RF_R1_R3:inst|BUSMUX:in1st"
Info (12021): Found 1 design units, including 1 entities, in source file db/mux_boc.tdf
    Info (12023): Found entity 1: mux_boc
Info (12128): Elaborating entity "mux_boc" for hierarchy "DATAPATH_MR:inst2|RF_R1_R3:inst|BUSMUX:in1st|lpm_mux:$00000|mux_boc:auto_generated"
Info (12128): Elaborating entity "REGISTER16BIT" for hierarchy "DATAPATH_MR:inst2|RF_R1_R3:inst|REGISTER16BIT:inst1"
Info (12128): Elaborating entity "DECODER_2TO1" for hierarchy "DATAPATH_MR:inst2|RF_R1_R3:inst|DECODER_2TO1:inst"
Info (12128): Elaborating entity "ABSMINMAX" for hierarchy "DATAPATH_MR:inst2|ABSMINMAX:inst5"
Info (12128): Elaborating entity "ADD_V1" for hierarchy "DATAPATH_MR:inst2|ABSMINMAX:inst5|ADD_V1:in1st"
Info (12128): Elaborating entity "FA1BIT" for hierarchy "DATAPATH_MR:inst2|ABSMINMAX:inst5|ADD_V1:in1st|FA1BIT:inst30"
Info (12128): Elaborating entity "ABSMINMAXADDSUB" for hierarchy "DATAPATH_MR:inst2|ABSMINMAXADDSUB:inst6"
Info (12128): Elaborating entity "SHIFTER3V1" for hierarchy "DATAPATH_MR:inst2|SHIFTER3V1:inst9"
Info (12128): Elaborating entity "SHIFTER3" for hierarchy "DATAPATH_MR:inst2|SHIFTER3V1:inst9|SHIFTER3:inst"
Info (12128): Elaborating entity "SHIFTER1V1" for hierarchy "DATAPATH_MR:inst2|SHIFTER1V1:inst10"
Info (12128): Elaborating entity "SHIFTER1" for hierarchy "DATAPATH_MR:inst2|SHIFTER1V1:inst10|SHIFTER1:inst"
Warning (13046): Tri-state node(s) do not directly drive top-level pin(s)
    Warning (13048): Converted tri-state node "DATAPATH_MR:inst2|BUS3[15]" into a selector
    Warning (13049): Converted tri-state buffer "DATAPATH_MR:inst2|inst4[0]" feeding internal logic into a wire
    Warning (13048): Converted tri-state node "DATAPATH_MR:inst2|BUS4[15]" into a selector
    Warning (13048): Converted tri-state node "DATAPATH_MR:inst2|BUS4[14]" into a selector
    Warning (13048): Converted tri-state node "DATAPATH_MR:inst2|BUS4[13]" into a selector
Warning (13046): Tri-state node(s) do not directly drive top-level pin(s)
    Warning (13047): Converted the fan-out from the tri-state buffer "DATAPATH_MR:inst2|inst3[15]" to the node "DATAPATH_MR:inst2|ABSMINMAXADDSUB:inst6|inst33[15]" into an OR gate
    Warning (13047): Converted the fan-out from the tri-state buffer "DATAPATH_MR:inst2|inst3[14]" to the node "DATAPATH_MR:inst2|ABSMINMAXADDSUB:inst6|inst33[14]" into an OR gate
    Warning (13047): Converted the fan-out from the tri-state buffer "DATAPATH_MR:inst2|inst3[13]" to the node "DATAPATH_MR:inst2|ABSMINMAXADDSUB:inst6|inst33[13]" into an OR gate
    Warning (13047): Converted the fan-out from the tri-state buffer "DATAPATH_MR:inst2|inst3[12]" to the node "DATAPATH_MR:inst2|ABSMINMAXADDSUB:inst6|inst33[12]" into an OR gate
    Warning (13047): Converted the fan-out from the tri-state buffer "DATAPATH_MR:inst2|inst3[11]" to the node "DATAPATH_MR:inst2|ABSMINMAXADDSUB:inst6|inst33[11]" into an OR gate
    Warning (13047): Converted the fan-out from the tri-state buffer "DATAPATH_MR:inst2|inst3[10]" to the node "DATAPATH_MR:inst2|ABSMINMAXADDSUB:inst6|inst33[10]" into an OR gate
    Warning (13047): Converted the fan-out from the tri-state buffer "DATAPATH_MR:inst2|inst3[9]" to the node "DATAPATH_MR:inst2|ABSMINMAXADDSUB:inst6|inst33[9]" into an OR gate
    Warning (13047): Converted the fan-out from the tri-state buffer "DATAPATH_MR:inst2|inst3[8]" to the node "DATAPATH_MR:inst2|ABSMINMAXADDSUB:inst6|inst33[8]" into an OR gate
    Warning (13047): Converted the fan-out from the tri-state buffer "DATAPATH_MR:inst2|inst3[7]" to the node "DATAPATH_MR:inst2|ABSMINMAXADDSUB:inst6|inst33[7]" into an OR gate
    Warning (13047): Converted the fan-out from the tri-state buffer "DATAPATH_MR:inst2|inst3[6]" to the node "DATAPATH_MR:inst2|ABSMINMAXADDSUB:inst6|inst33[6]" into an OR gate
    Warning (13047): Converted the fan-out from the tri-state buffer "DATAPATH_MR:inst2|inst3[5]" to the node "DATAPATH_MR:inst2|ABSMINMAXADDSUB:inst6|inst33[5]" into an OR gate
    Warning (13047): Converted the fan-out from the tri-state buffer "DATAPATH_MR:inst2|inst3[4]" to the node "DATAPATH_MR:inst2|ABSMINMAXADDSUB:inst6|inst33[4]" into an OR gate
    Warning (13047): Converted the fan-out from the tri-state buffer "DATAPATH_MR:inst2|inst3[3]" to the node "DATAPATH_MR:inst2|ABSMINMAXADDSUB:inst6|inst33[3]" into an OR gate
    Warning (13047): Converted the fan-out from the tri-state buffer "DATAPATH_MR:inst2|inst3[2]" to the node "DATAPATH_MR:inst2|ABSMINMAXADDSUB:inst6|inst33[2]" into an OR gate
    Warning (13047): Converted the fan-out from the tri-state buffer "DATAPATH_MR:inst2|inst3[1]" to the node "DATAPATH_MR:inst2|ABSMINMAXADDSUB:inst6|inst33[1]" into an OR gate
    Warning (13047): Converted the fan-out from the tri-state buffer "DATAPATH_MR:inst2|inst3[0]" to the node "DATAPATH_MR:inst2|ABSMINMAXADDSUB:inst6|ADD_V1:in1st|FA1BIT:inst|inst6" into an OR gate
    Warning (13047): Converted the fan-out from the tri-state buffer "DATAPATH_MR:inst2|inst4[15]" to the node "DATAPATH_MR:inst2|ABSMINMAXADDSUB:inst6|ADD_V1:in1st|FA1BIT:inst30|inst4" into an OR gate
    Warning (13047): Converted the fan-out from the tri-state buffer "DATAPATH_MR:inst2|inst4[14]" to the node "DATAPATH_MR:inst2|ABSMINMAX:inst5|inst1[14]" into an OR gate
    Warning (13047): Converted the fan-out from the tri-state buffer "DATAPATH_MR:inst2|inst4[13]" to the node "DATAPATH_MR:inst2|ABSMINMAX:inst5|inst1[13]" into an OR gate
    Warning (13047): Converted the fan-out from the tri-state buffer "DATAPATH_MR:inst2|inst4[12]" to the node "DATAPATH_MR:inst2|ABSMINMAX:inst5|inst1[12]" into an OR gate
    Warning (13047): Converted the fan-out from the tri-state buffer "DATAPATH_MR:inst2|inst4[11]" to the node "DATAPATH_MR:inst2|ABSMINMAX:inst5|inst1[11]" into an OR gate
    Warning (13047): Converted the fan-out from the tri-state buffer "DATAPATH_MR:inst2|inst4[10]" to the node "DATAPATH_MR:inst2|ABSMINMAX:inst5|inst1[10]" into an OR gate
    Warning (13047): Converted the fan-out from the tri-state buffer "DATAPATH_MR:inst2|inst4[9]" to the node "DATAPATH_MR:inst2|ABSMINMAX:inst5|inst1[9]" into an OR gate
    Warning (13047): Converted the fan-out from the tri-state buffer "DATAPATH_MR:inst2|inst4[8]" to the node "DATAPATH_MR:inst2|ABSMINMAX:inst5|inst1[8]" into an OR gate
    Warning (13047): Converted the fan-out from the tri-state buffer "DATAPATH_MR:inst2|inst4[7]" to the node "DATAPATH_MR:inst2|ABSMINMAX:inst5|inst1[7]" into an OR gate
    Warning (13047): Converted the fan-out from the tri-state buffer "DATAPATH_MR:inst2|inst4[6]" to the node "DATAPATH_MR:inst2|ABSMINMAX:inst5|inst1[6]" into an OR gate
    Warning (13047): Converted the fan-out from the tri-state buffer "DATAPATH_MR:inst2|inst4[5]" to the node "DATAPATH_MR:inst2|ABSMINMAX:inst5|inst1[5]" into an OR gate
    Warning (13047): Converted the fan-out from the tri-state buffer "DATAPATH_MR:inst2|inst4[4]" to the node "DATAPATH_MR:inst2|ABSMINMAX:inst5|inst1[4]" into an OR gate
    Warning (13047): Converted the fan-out from the tri-state buffer "DATAPATH_MR:inst2|inst4[3]" to the node "DATAPATH_MR:inst2|ABSMINMAX:inst5|inst1[3]" into an OR gate
    Warning (13047): Converted the fan-out from the tri-state buffer "DATAPATH_MR:inst2|inst4[2]" to the node "DATAPATH_MR:inst2|ABSMINMAX:inst5|inst1[2]" into an OR gate
    Warning (13047): Converted the fan-out from the tri-state buffer "DATAPATH_MR:inst2|inst4[1]" to the node "DATAPATH_MR:inst2|ABSMINMAX:inst5|inst1[1]" into an OR gate
Warning (13046): Tri-state node(s) do not directly drive top-level pin(s)
    Warning (13047): Converted the fan-out from the tri-state buffer "DATAPATH_MR:inst2|inst7[14]" to the node "DATAPATH_MR:inst2|RF_R1_R3:inst|REGISTER16BIT:inst1|inst[14]" into an OR gate
    Warning (13047): Converted the fan-out from the tri-state buffer "DATAPATH_MR:inst2|inst7[13]" to the node "DATAPATH_MR:inst2|RF_R1_R3:inst|REGISTER16BIT:inst1|inst[13]" into an OR gate
    Warning (13047): Converted the fan-out from the tri-state buffer "DATAPATH_MR:inst2|inst7[12]" to the node "DATAPATH_MR:inst2|RF_R1_R3:inst|REGISTER16BIT:inst1|inst[12]" into an OR gate
    Warning (13047): Converted the fan-out from the tri-state buffer "DATAPATH_MR:inst2|inst7[11]" to the node "DATAPATH_MR:inst2|RF_R1_R3:inst|REGISTER16BIT:inst1|inst[11]" into an OR gate
    Warning (13047): Converted the fan-out from the tri-state buffer "DATAPATH_MR:inst2|inst7[10]" to the node "DATAPATH_MR:inst2|RF_R1_R3:inst|REGISTER16BIT:inst1|inst[10]" into an OR gate
    Warning (13047): Converted the fan-out from the tri-state buffer "DATAPATH_MR:inst2|inst7[9]" to the node "DATAPATH_MR:inst2|RF_R1_R3:inst|REGISTER16BIT:inst1|inst[9]" into an OR gate
    Warning (13047): Converted the fan-out from the tri-state buffer "DATAPATH_MR:inst2|inst7[8]" to the node "DATAPATH_MR:inst2|RF_R1_R3:inst|REGISTER16BIT:inst1|inst[8]" into an OR gate
    Warning (13047): Converted the fan-out from the tri-state buffer "DATAPATH_MR:inst2|inst7[7]" to the node "DATAPATH_MR:inst2|RF_R1_R3:inst|REGISTER16BIT:inst1|inst[7]" into an OR gate
    Warning (13047): Converted the fan-out from the tri-state buffer "DATAPATH_MR:inst2|inst7[6]" to the node "DATAPATH_MR:inst2|RF_R1_R3:inst|REGISTER16BIT:inst1|inst[6]" into an OR gate
    Warning (13047): Converted the fan-out from the tri-state buffer "DATAPATH_MR:inst2|inst7[5]" to the node "DATAPATH_MR:inst2|RF_R1_R3:inst|REGISTER16BIT:inst1|inst[5]" into an OR gate
    Warning (13047): Converted the fan-out from the tri-state buffer "DATAPATH_MR:inst2|inst7[4]" to the node "DATAPATH_MR:inst2|RF_R1_R3:inst|REGISTER16BIT:inst1|inst[4]" into an OR gate
    Warning (13047): Converted the fan-out from the tri-state buffer "DATAPATH_MR:inst2|inst7[3]" to the node "DATAPATH_MR:inst2|RF_R1_R3:inst|REGISTER16BIT:inst1|inst[3]" into an OR gate
    Warning (13047): Converted the fan-out from the tri-state buffer "DATAPATH_MR:inst2|inst7[2]" to the node "DATAPATH_MR:inst2|RF_R1_R3:inst|REGISTER16BIT:inst1|inst[2]" into an OR gate
    Warning (13047): Converted the fan-out from the tri-state buffer "DATAPATH_MR:inst2|inst7[1]" to the node "DATAPATH_MR:inst2|RF_R1_R3:inst|REGISTER16BIT:inst1|inst[1]" into an OR gate
    Warning (13047): Converted the fan-out from the tri-state buffer "DATAPATH_MR:inst2|inst7[0]" to the node "DATAPATH_MR:inst2|RF_R1_R3:inst|REGISTER16BIT:inst1|inst[0]" into an OR gate
    Warning (13047): Converted the fan-out from the tri-state buffer "DATAPATH_MR:inst2|inst8[0]" to the node "DATAPATH_MR:inst2|REGISTER16BIT:inst1|inst[0]" into an OR gate
    Warning (13047): Converted the fan-out from the tri-state buffer "DATAPATH_MR:inst2|inst8[12]" to the node "DATAPATH_MR:inst2|REGISTER16BIT:inst1|inst[12]" into an OR gate
    Warning (13047): Converted the fan-out from the tri-state buffer "DATAPATH_MR:inst2|inst8[11]" to the node "DATAPATH_MR:inst2|REGISTER16BIT:inst1|inst[11]" into an OR gate
    Warning (13047): Converted the fan-out from the tri-state buffer "DATAPATH_MR:inst2|inst8[10]" to the node "DATAPATH_MR:inst2|REGISTER16BIT:inst1|inst[10]" into an OR gate
    Warning (13047): Converted the fan-out from the tri-state buffer "DATAPATH_MR:inst2|inst8[9]" to the node "DATAPATH_MR:inst2|REGISTER16BIT:inst1|inst[9]" into an OR gate
    Warning (13047): Converted the fan-out from the tri-state buffer "DATAPATH_MR:inst2|inst8[8]" to the node "DATAPATH_MR:inst2|REGISTER16BIT:inst1|inst[8]" into an OR gate
    Warning (13047): Converted the fan-out from the tri-state buffer "DATAPATH_MR:inst2|inst8[7]" to the node "DATAPATH_MR:inst2|REGISTER16BIT:inst1|inst[7]" into an OR gate
    Warning (13047): Converted the fan-out from the tri-state buffer "DATAPATH_MR:inst2|inst8[6]" to the node "DATAPATH_MR:inst2|REGISTER16BIT:inst1|inst[6]" into an OR gate
    Warning (13047): Converted the fan-out from the tri-state buffer "DATAPATH_MR:inst2|inst8[5]" to the node "DATAPATH_MR:inst2|REGISTER16BIT:inst1|inst[5]" into an OR gate
    Warning (13047): Converted the fan-out from the tri-state buffer "DATAPATH_MR:inst2|inst8[4]" to the node "DATAPATH_MR:inst2|REGISTER16BIT:inst1|inst[4]" into an OR gate
    Warning (13047): Converted the fan-out from the tri-state buffer "DATAPATH_MR:inst2|inst8[3]" to the node "DATAPATH_MR:inst2|REGISTER16BIT:inst1|inst[3]" into an OR gate
    Warning (13047): Converted the fan-out from the tri-state buffer "DATAPATH_MR:inst2|inst8[2]" to the node "DATAPATH_MR:inst2|REGISTER16BIT:inst1|inst[2]" into an OR gate
    Warning (13047): Converted the fan-out from the tri-state buffer "DATAPATH_MR:inst2|inst8[1]" to the node "DATAPATH_MR:inst2|REGISTER16BIT:inst1|inst[1]" into an OR gate
Info (16010): Generating hard_block partition "hard_block:auto_generated_inst"
    Info (16011): Adding 0 node(s), including 0 DDIO, 0 PLL, 0 transceiver and 0 LCELL
Info (21057): Implemented 378 device resources after synthesis - the final resource count might be different
    Info (21058): Implemented 35 input pins
    Info (21059): Implemented 17 output pins
    Info (21061): Implemented 326 logic cells
Info: Quartus II 64-Bit Analysis & Synthesis was successful. 0 errors, 68 warnings
    Info: Peak virtual memory: 4607 megabytes
    Info: Processing ended: Sat Dec 28 15:55:52 2024
    Info: Elapsed time: 00:00:05
    Info: Total CPU time (on all processors): 00:00:03


