Analysis & Synthesis report for PIPELINE_AU
Mon Dec 02 22:44:37 2024
Quartus II 64-Bit Version 13.0.1 Build 232 06/12/2013 Service Pack 1 SJ Web Edition


---------------------
; Table of Contents ;
---------------------
  1. Legal Notice
  2. Analysis & Synthesis Summary
  3. Analysis & Synthesis Settings
  4. Parallel Compilation
  5. Analysis & Synthesis Source Files Read
  6. Analysis & Synthesis Resource Usage Summary
  7. Analysis & Synthesis Resource Utilization by Entity
  8. Registers Removed During Synthesis
  9. General Register Statistics
 10. Multiplexer Restructuring Statistics (Restructuring Performed)
 11. Parameter Settings for User Entity Instance: DATAPATH_AU_PIPELINE:inst|REGISTER16BIT:inst|BUSMUX:inst1
 12. Parameter Settings for User Entity Instance: DATAPATH_AU_PIPELINE:inst|AU_PIPELINE:inst21|BUSMUX:inst6
 13. Parameter Settings for User Entity Instance: DATAPATH_AU_PIPELINE:inst|AU_PIPELINE:inst21|BUSMUX:inst5
 14. Parameter Settings for User Entity Instance: DATAPATH_AU_PIPELINE:inst|REGISTER16BIT:inst15|BUSMUX:inst1
 15. Parameter Settings for User Entity Instance: DATAPATH_AU_PIPELINE:inst|REGISTER16BIT:inst16|BUSMUX:inst1
 16. Elapsed Time Per Partition
 17. Analysis & Synthesis Messages



----------------
; Legal Notice ;
----------------
Copyright (C) 1991-2013 Altera Corporation
Your use of Altera Corporation's design tools, logic functions 
and other software and tools, and its AMPP partner logic 
functions, and any output files from any of the foregoing 
(including device programming or simulation files), and any 
associated documentation or information are expressly subject 
to the terms and conditions of the Altera Program License 
Subscription Agreement, Altera MegaCore Function License 
Agreement, or other applicable license agreement, including, 
without limitation, that your use is for the sole purpose of 
programming logic devices manufactured by Altera and sold by 
Altera or its authorized distributors.  Please refer to the 
applicable agreement for further details.



+--------------------------------------------------------------------------------------+
; Analysis & Synthesis Summary                                                         ;
+------------------------------------+-------------------------------------------------+
; Analysis & Synthesis Status        ; Successful - Mon Dec 02 22:44:37 2024           ;
; Quartus II 64-Bit Version          ; 13.0.1 Build 232 06/12/2013 SP 1 SJ Web Edition ;
; Revision Name                      ; PIPELINE_AU                                     ;
; Top-level Entity Name              ; PIPELINE_AU                                     ;
; Family                             ; Cyclone II                                      ;
; Total logic elements               ; 194                                             ;
;     Total combinational functions  ; 179                                             ;
;     Dedicated logic registers      ; 101                                             ;
; Total registers                    ; 101                                             ;
; Total pins                         ; 52                                              ;
; Total virtual pins                 ; 0                                               ;
; Total memory bits                  ; 0                                               ;
; Embedded Multiplier 9-bit elements ; 0                                               ;
; Total PLLs                         ; 0                                               ;
+------------------------------------+-------------------------------------------------+


+----------------------------------------------------------------------------------------------------------------------+
; Analysis & Synthesis Settings                                                                                        ;
+----------------------------------------------------------------------------+--------------------+--------------------+
; Option                                                                     ; Setting            ; Default Value      ;
+----------------------------------------------------------------------------+--------------------+--------------------+
; Device                                                                     ; EP2C35F672C6       ;                    ;
; Top-level entity name                                                      ; PIPELINE_AU        ; PIPELINE_AU        ;
; Family name                                                                ; Cyclone II         ; Cyclone IV GX      ;
; Use smart compilation                                                      ; Off                ; Off                ;
; Enable parallel Assembler and TimeQuest Timing Analyzer during compilation ; On                 ; On                 ;
; Enable compact report table                                                ; Off                ; Off                ;
; Restructure Multiplexers                                                   ; Auto               ; Auto               ;
; Create Debugging Nodes for IP Cores                                        ; Off                ; Off                ;
; Preserve fewer node names                                                  ; On                 ; On                 ;
; Disable OpenCore Plus hardware evaluation                                  ; Off                ; Off                ;
; Verilog Version                                                            ; Verilog_2001       ; Verilog_2001       ;
; VHDL Version                                                               ; VHDL_1993          ; VHDL_1993          ;
; State Machine Processing                                                   ; Auto               ; Auto               ;
; Safe State Machine                                                         ; Off                ; Off                ;
; Extract Verilog State Machines                                             ; On                 ; On                 ;
; Extract VHDL State Machines                                                ; On                 ; On                 ;
; Ignore Verilog initial constructs                                          ; Off                ; Off                ;
; Iteration limit for constant Verilog loops                                 ; 5000               ; 5000               ;
; Iteration limit for non-constant Verilog loops                             ; 250                ; 250                ;
; Add Pass-Through Logic to Inferred RAMs                                    ; On                 ; On                 ;
; Infer RAMs from Raw Logic                                                  ; On                 ; On                 ;
; Parallel Synthesis                                                         ; On                 ; On                 ;
; DSP Block Balancing                                                        ; Auto               ; Auto               ;
; NOT Gate Push-Back                                                         ; On                 ; On                 ;
; Power-Up Don't Care                                                        ; On                 ; On                 ;
; Remove Redundant Logic Cells                                               ; Off                ; Off                ;
; Remove Duplicate Registers                                                 ; On                 ; On                 ;
; Ignore CARRY Buffers                                                       ; Off                ; Off                ;
; Ignore CASCADE Buffers                                                     ; Off                ; Off                ;
; Ignore GLOBAL Buffers                                                      ; Off                ; Off                ;
; Ignore ROW GLOBAL Buffers                                                  ; Off                ; Off                ;
; Ignore LCELL Buffers                                                       ; Off                ; Off                ;
; Ignore SOFT Buffers                                                        ; On                 ; On                 ;
; Limit AHDL Integers to 32 Bits                                             ; Off                ; Off                ;
; Optimization Technique                                                     ; Balanced           ; Balanced           ;
; Carry Chain Length                                                         ; 70                 ; 70                 ;
; Auto Carry Chains                                                          ; On                 ; On                 ;
; Auto Open-Drain Pins                                                       ; On                 ; On                 ;
; Perform WYSIWYG Primitive Resynthesis                                      ; Off                ; Off                ;
; Auto ROM Replacement                                                       ; On                 ; On                 ;
; Auto RAM Replacement                                                       ; On                 ; On                 ;
; Auto Shift Register Replacement                                            ; Auto               ; Auto               ;
; Allow Shift Register Merging across Hierarchies                            ; Auto               ; Auto               ;
; Auto Clock Enable Replacement                                              ; On                 ; On                 ;
; Strict RAM Replacement                                                     ; Off                ; Off                ;
; Allow Synchronous Control Signals                                          ; On                 ; On                 ;
; Force Use of Synchronous Clear Signals                                     ; Off                ; Off                ;
; Auto RAM to Logic Cell Conversion                                          ; Off                ; Off                ;
; Auto Resource Sharing                                                      ; Off                ; Off                ;
; Allow Any RAM Size For Recognition                                         ; Off                ; Off                ;
; Allow Any ROM Size For Recognition                                         ; Off                ; Off                ;
; Allow Any Shift Register Size For Recognition                              ; Off                ; Off                ;
; Use LogicLock Constraints during Resource Balancing                        ; On                 ; On                 ;
; Ignore translate_off and synthesis_off directives                          ; Off                ; Off                ;
; Timing-Driven Synthesis                                                    ; Off                ; Off                ;
; Report Parameter Settings                                                  ; On                 ; On                 ;
; Report Source Assignments                                                  ; On                 ; On                 ;
; Report Connectivity Checks                                                 ; On                 ; On                 ;
; Ignore Maximum Fan-Out Assignments                                         ; Off                ; Off                ;
; Synchronization Register Chain Length                                      ; 2                  ; 2                  ;
; PowerPlay Power Optimization                                               ; Normal compilation ; Normal compilation ;
; HDL message level                                                          ; Level2             ; Level2             ;
; Suppress Register Optimization Related Messages                            ; Off                ; Off                ;
; Number of Removed Registers Reported in Synthesis Report                   ; 5000               ; 5000               ;
; Number of Swept Nodes Reported in Synthesis Report                         ; 5000               ; 5000               ;
; Number of Inverted Registers Reported in Synthesis Report                  ; 100                ; 100                ;
; Clock MUX Protection                                                       ; On                 ; On                 ;
; Auto Gated Clock Conversion                                                ; Off                ; Off                ;
; Block Design Naming                                                        ; Auto               ; Auto               ;
; SDC constraint protection                                                  ; Off                ; Off                ;
; Synthesis Effort                                                           ; Auto               ; Auto               ;
; Shift Register Replacement - Allow Asynchronous Clear Signal               ; On                 ; On                 ;
; Pre-Mapping Resynthesis Optimization                                       ; Off                ; Off                ;
; Analysis & Synthesis Message Level                                         ; Medium             ; Medium             ;
; Disable Register Merging Across Hierarchies                                ; Auto               ; Auto               ;
; Resource Aware Inference For Block RAM                                     ; On                 ; On                 ;
; Synthesis Seed                                                             ; 1                  ; 1                  ;
+----------------------------------------------------------------------------+--------------------+--------------------+


Parallel compilation was disabled, but you have multiple processors available. Enable parallel compilation to reduce compilation time.
+-------------------------------------+
; Parallel Compilation                ;
+----------------------------+--------+
; Processors                 ; Number ;
+----------------------------+--------+
; Number detected on machine ; 16     ;
; Maximum allowed            ; 1      ;
+----------------------------+--------+


+---------------------------------------------------------------------------------------------------------------------------------------------------------------------+
; Analysis & Synthesis Source Files Read                                                                                                                              ;
+----------------------------------+-----------------+------------------------------------+-----------------------------------------------------------------+---------+
; File Name with User-Entered Path ; Used in Netlist ; File Type                          ; File Name with Absolute Path                                    ; Library ;
+----------------------------------+-----------------+------------------------------------+-----------------------------------------------------------------+---------+
; FA1BIT.bdf                       ; yes             ; User Block Diagram/Schematic File  ; E:/thietkeluanliso/NEW/SRA/PIPELINE_AU/FA1BIT.bdf               ;         ;
; ADD_16BIT_CIN.bdf                ; yes             ; User Block Diagram/Schematic File  ; E:/thietkeluanliso/NEW/SRA/PIPELINE_AU/ADD_16BIT_CIN.bdf        ;         ;
; REGISTER16BIT.bdf                ; yes             ; User Block Diagram/Schematic File  ; E:/thietkeluanliso/NEW/SRA/PIPELINE_AU/REGISTER16BIT.bdf        ;         ;
; AU_PIPELINE.bdf                  ; yes             ; User Block Diagram/Schematic File  ; E:/thietkeluanliso/NEW/SRA/PIPELINE_AU/AU_PIPELINE.bdf          ;         ;
; SHIFTER3V1.bdf                   ; yes             ; User Block Diagram/Schematic File  ; E:/thietkeluanliso/NEW/SRA/PIPELINE_AU/SHIFTER3V1.bdf           ;         ;
; SHIFTER3.bdf                     ; yes             ; User Block Diagram/Schematic File  ; E:/thietkeluanliso/NEW/SRA/PIPELINE_AU/SHIFTER3.bdf             ;         ;
; SHIFTER1.bdf                     ; yes             ; User Block Diagram/Schematic File  ; E:/thietkeluanliso/NEW/SRA/PIPELINE_AU/SHIFTER1.bdf             ;         ;
; SHIFTER1V1.bdf                   ; yes             ; User Block Diagram/Schematic File  ; E:/thietkeluanliso/NEW/SRA/PIPELINE_AU/SHIFTER1V1.bdf           ;         ;
; DATAPATH_AU_PIPELINE.bdf         ; yes             ; User Block Diagram/Schematic File  ; E:/thietkeluanliso/NEW/SRA/PIPELINE_AU/DATAPATH_AU_PIPELINE.bdf ;         ;
; NEXT_STATE.bdf                   ; yes             ; User Block Diagram/Schematic File  ; E:/thietkeluanliso/NEW/SRA/PIPELINE_AU/NEXT_STATE.bdf           ;         ;
; CONTROLLER.bdf                   ; yes             ; User Block Diagram/Schematic File  ; E:/thietkeluanliso/NEW/SRA/PIPELINE_AU/CONTROLLER.bdf           ;         ;
; ENCODER.bdf                      ; yes             ; User Block Diagram/Schematic File  ; E:/thietkeluanliso/NEW/SRA/PIPELINE_AU/ENCODER.bdf              ;         ;
; PIPELINE_AU.bdf                  ; yes             ; User Block Diagram/Schematic File  ; E:/thietkeluanliso/NEW/SRA/PIPELINE_AU/PIPELINE_AU.bdf          ;         ;
; busmux.tdf                       ; yes             ; Megafunction                       ; c:/setupquatus/quartus/libraries/megafunctions/busmux.tdf       ;         ;
; lpm_mux.inc                      ; yes             ; Megafunction                       ; c:/setupquatus/quartus/libraries/megafunctions/lpm_mux.inc      ;         ;
; lpm_mux.tdf                      ; yes             ; Megafunction                       ; c:/setupquatus/quartus/libraries/megafunctions/lpm_mux.tdf      ;         ;
; aglobal130.inc                   ; yes             ; Megafunction                       ; c:/setupquatus/quartus/libraries/megafunctions/aglobal130.inc   ;         ;
; muxlut.inc                       ; yes             ; Megafunction                       ; c:/setupquatus/quartus/libraries/megafunctions/muxlut.inc       ;         ;
; bypassff.inc                     ; yes             ; Megafunction                       ; c:/setupquatus/quartus/libraries/megafunctions/bypassff.inc     ;         ;
; altshift.inc                     ; yes             ; Megafunction                       ; c:/setupquatus/quartus/libraries/megafunctions/altshift.inc     ;         ;
; db/mux_boc.tdf                   ; yes             ; Auto-Generated Megafunction        ; E:/thietkeluanliso/NEW/SRA/PIPELINE_AU/db/mux_boc.tdf           ;         ;
+----------------------------------+-----------------+------------------------------------+-----------------------------------------------------------------+---------+


+-----------------------------------------------------+
; Analysis & Synthesis Resource Usage Summary         ;
+---------------------------------------------+-------+
; Resource                                    ; Usage ;
+---------------------------------------------+-------+
; Estimated Total logic elements              ; 194   ;
;                                             ;       ;
; Total combinational functions               ; 179   ;
; Logic element usage by number of LUT inputs ;       ;
;     -- 4 input functions                    ; 79    ;
;     -- 3 input functions                    ; 84    ;
;     -- <=2 input functions                  ; 16    ;
;                                             ;       ;
; Logic elements by mode                      ;       ;
;     -- normal mode                          ; 179   ;
;     -- arithmetic mode                      ; 0     ;
;                                             ;       ;
; Total registers                             ; 101   ;
;     -- Dedicated logic registers            ; 101   ;
;     -- I/O registers                        ; 0     ;
;                                             ;       ;
; I/O pins                                    ; 52    ;
; Embedded Multiplier 9-bit elements          ; 0     ;
; Maximum fan-out node                        ; CLK   ;
; Maximum fan-out                             ; 101   ;
; Total fan-out                               ; 955   ;
; Average fan-out                             ; 2.88  ;
+---------------------------------------------+-------+


+-----------------------------------------------------------------------------------------------------------------------------------------------------------------------------------------------------------------------------------------------------------------------------------+
; Analysis & Synthesis Resource Utilization by Entity                                                                                                                                                                                                                               ;
+-----------------------------------------+-------------------+--------------+-------------+--------------+---------+-----------+------+--------------+--------------------------------------------------------------------------------------------------------------+--------------+
; Compilation Hierarchy Node              ; LC Combinationals ; LC Registers ; Memory Bits ; DSP Elements ; DSP 9x9 ; DSP 18x18 ; Pins ; Virtual Pins ; Full Hierarchy Name                                                                                          ; Library Name ;
+-----------------------------------------+-------------------+--------------+-------------+--------------+---------+-----------+------+--------------+--------------------------------------------------------------------------------------------------------------+--------------+
; |PIPELINE_AU                            ; 179 (0)           ; 101 (0)      ; 0           ; 0            ; 0       ; 0         ; 52   ; 0            ; |PIPELINE_AU                                                                                                 ; work         ;
;    |CONTROLLER:inst1|                   ; 18 (1)            ; 4 (4)        ; 0           ; 0            ; 0       ; 0         ; 0    ; 0            ; |PIPELINE_AU|CONTROLLER:inst1                                                                                ; work         ;
;       |ENCODER:inst2|                   ; 13 (13)           ; 0 (0)        ; 0           ; 0            ; 0       ; 0         ; 0    ; 0            ; |PIPELINE_AU|CONTROLLER:inst1|ENCODER:inst2                                                                  ; work         ;
;       |NEXT_STATE:inst|                 ; 4 (4)             ; 0 (0)        ; 0           ; 0            ; 0       ; 0         ; 0    ; 0            ; |PIPELINE_AU|CONTROLLER:inst1|NEXT_STATE:inst                                                                ; work         ;
;    |DATAPATH_AU_PIPELINE:inst|          ; 161 (67)          ; 97 (0)       ; 0           ; 0            ; 0       ; 0         ; 0    ; 0            ; |PIPELINE_AU|DATAPATH_AU_PIPELINE:inst                                                                       ; work         ;
;       |AU_PIPELINE:inst21|              ; 81 (17)           ; 50 (50)      ; 0           ; 0            ; 0       ; 0         ; 0    ; 0            ; |PIPELINE_AU|DATAPATH_AU_PIPELINE:inst|AU_PIPELINE:inst21                                                    ; work         ;
;          |ADD_16BIT_CIN:inst|           ; 32 (0)            ; 0 (0)        ; 0           ; 0            ; 0       ; 0         ; 0    ; 0            ; |PIPELINE_AU|DATAPATH_AU_PIPELINE:inst|AU_PIPELINE:inst21|ADD_16BIT_CIN:inst                                 ; work         ;
;             |FA1BIT:inst10|             ; 2 (2)             ; 0 (0)        ; 0           ; 0            ; 0       ; 0         ; 0    ; 0            ; |PIPELINE_AU|DATAPATH_AU_PIPELINE:inst|AU_PIPELINE:inst21|ADD_16BIT_CIN:inst|FA1BIT:inst10                   ; work         ;
;             |FA1BIT:inst12|             ; 2 (2)             ; 0 (0)        ; 0           ; 0            ; 0       ; 0         ; 0    ; 0            ; |PIPELINE_AU|DATAPATH_AU_PIPELINE:inst|AU_PIPELINE:inst21|ADD_16BIT_CIN:inst|FA1BIT:inst12                   ; work         ;
;             |FA1BIT:inst14|             ; 2 (2)             ; 0 (0)        ; 0           ; 0            ; 0       ; 0         ; 0    ; 0            ; |PIPELINE_AU|DATAPATH_AU_PIPELINE:inst|AU_PIPELINE:inst21|ADD_16BIT_CIN:inst|FA1BIT:inst14                   ; work         ;
;             |FA1BIT:inst16|             ; 2 (2)             ; 0 (0)        ; 0           ; 0            ; 0       ; 0         ; 0    ; 0            ; |PIPELINE_AU|DATAPATH_AU_PIPELINE:inst|AU_PIPELINE:inst21|ADD_16BIT_CIN:inst|FA1BIT:inst16                   ; work         ;
;             |FA1BIT:inst18|             ; 2 (2)             ; 0 (0)        ; 0           ; 0            ; 0       ; 0         ; 0    ; 0            ; |PIPELINE_AU|DATAPATH_AU_PIPELINE:inst|AU_PIPELINE:inst21|ADD_16BIT_CIN:inst|FA1BIT:inst18                   ; work         ;
;             |FA1BIT:inst20|             ; 2 (2)             ; 0 (0)        ; 0           ; 0            ; 0       ; 0         ; 0    ; 0            ; |PIPELINE_AU|DATAPATH_AU_PIPELINE:inst|AU_PIPELINE:inst21|ADD_16BIT_CIN:inst|FA1BIT:inst20                   ; work         ;
;             |FA1BIT:inst22|             ; 2 (2)             ; 0 (0)        ; 0           ; 0            ; 0       ; 0         ; 0    ; 0            ; |PIPELINE_AU|DATAPATH_AU_PIPELINE:inst|AU_PIPELINE:inst21|ADD_16BIT_CIN:inst|FA1BIT:inst22                   ; work         ;
;             |FA1BIT:inst24|             ; 2 (2)             ; 0 (0)        ; 0           ; 0            ; 0       ; 0         ; 0    ; 0            ; |PIPELINE_AU|DATAPATH_AU_PIPELINE:inst|AU_PIPELINE:inst21|ADD_16BIT_CIN:inst|FA1BIT:inst24                   ; work         ;
;             |FA1BIT:inst26|             ; 2 (2)             ; 0 (0)        ; 0           ; 0            ; 0       ; 0         ; 0    ; 0            ; |PIPELINE_AU|DATAPATH_AU_PIPELINE:inst|AU_PIPELINE:inst21|ADD_16BIT_CIN:inst|FA1BIT:inst26                   ; work         ;
;             |FA1BIT:inst28|             ; 2 (2)             ; 0 (0)        ; 0           ; 0            ; 0       ; 0         ; 0    ; 0            ; |PIPELINE_AU|DATAPATH_AU_PIPELINE:inst|AU_PIPELINE:inst21|ADD_16BIT_CIN:inst|FA1BIT:inst28                   ; work         ;
;             |FA1BIT:inst2|              ; 2 (2)             ; 0 (0)        ; 0           ; 0            ; 0       ; 0         ; 0    ; 0            ; |PIPELINE_AU|DATAPATH_AU_PIPELINE:inst|AU_PIPELINE:inst21|ADD_16BIT_CIN:inst|FA1BIT:inst2                    ; work         ;
;             |FA1BIT:inst30|             ; 1 (1)             ; 0 (0)        ; 0           ; 0            ; 0       ; 0         ; 0    ; 0            ; |PIPELINE_AU|DATAPATH_AU_PIPELINE:inst|AU_PIPELINE:inst21|ADD_16BIT_CIN:inst|FA1BIT:inst30                   ; work         ;
;             |FA1BIT:inst4|              ; 2 (2)             ; 0 (0)        ; 0           ; 0            ; 0       ; 0         ; 0    ; 0            ; |PIPELINE_AU|DATAPATH_AU_PIPELINE:inst|AU_PIPELINE:inst21|ADD_16BIT_CIN:inst|FA1BIT:inst4                    ; work         ;
;             |FA1BIT:inst6|              ; 2 (2)             ; 0 (0)        ; 0           ; 0            ; 0       ; 0         ; 0    ; 0            ; |PIPELINE_AU|DATAPATH_AU_PIPELINE:inst|AU_PIPELINE:inst21|ADD_16BIT_CIN:inst|FA1BIT:inst6                    ; work         ;
;             |FA1BIT:inst8|              ; 2 (2)             ; 0 (0)        ; 0           ; 0            ; 0       ; 0         ; 0    ; 0            ; |PIPELINE_AU|DATAPATH_AU_PIPELINE:inst|AU_PIPELINE:inst21|ADD_16BIT_CIN:inst|FA1BIT:inst8                    ; work         ;
;             |FA1BIT:inst|               ; 3 (3)             ; 0 (0)        ; 0           ; 0            ; 0       ; 0         ; 0    ; 0            ; |PIPELINE_AU|DATAPATH_AU_PIPELINE:inst|AU_PIPELINE:inst21|ADD_16BIT_CIN:inst|FA1BIT:inst                     ; work         ;
;          |busmux:inst6|                 ; 32 (0)            ; 0 (0)        ; 0           ; 0            ; 0       ; 0         ; 0    ; 0            ; |PIPELINE_AU|DATAPATH_AU_PIPELINE:inst|AU_PIPELINE:inst21|busmux:inst6                                       ; work         ;
;             |lpm_mux:$00000|            ; 32 (0)            ; 0 (0)        ; 0           ; 0            ; 0       ; 0         ; 0    ; 0            ; |PIPELINE_AU|DATAPATH_AU_PIPELINE:inst|AU_PIPELINE:inst21|busmux:inst6|lpm_mux:$00000                        ; work         ;
;                |mux_boc:auto_generated| ; 32 (32)           ; 0 (0)        ; 0           ; 0            ; 0       ; 0         ; 0    ; 0            ; |PIPELINE_AU|DATAPATH_AU_PIPELINE:inst|AU_PIPELINE:inst21|busmux:inst6|lpm_mux:$00000|mux_boc:auto_generated ; work         ;
;       |REGISTER16BIT:inst15|            ; 13 (13)           ; 16 (16)      ; 0           ; 0            ; 0       ; 0         ; 0    ; 0            ; |PIPELINE_AU|DATAPATH_AU_PIPELINE:inst|REGISTER16BIT:inst15                                                  ; work         ;
;       |REGISTER16BIT:inst16|            ; 0 (0)             ; 15 (15)      ; 0           ; 0            ; 0       ; 0         ; 0    ; 0            ; |PIPELINE_AU|DATAPATH_AU_PIPELINE:inst|REGISTER16BIT:inst16                                                  ; work         ;
;       |REGISTER16BIT:inst|              ; 0 (0)             ; 16 (16)      ; 0           ; 0            ; 0       ; 0         ; 0    ; 0            ; |PIPELINE_AU|DATAPATH_AU_PIPELINE:inst|REGISTER16BIT:inst                                                    ; work         ;
+-----------------------------------------+-------------------+--------------+-------------+--------------+---------+-----------+------+--------------+--------------------------------------------------------------------------------------------------------------+--------------+
Note: For table entries with two numbers listed, the numbers in parentheses indicate the number of resources of the given type used by the specific entity alone. The numbers listed outside of parentheses indicate the total resources of the given type used by the specific entity and all of its sub-entities in the hierarchy.


+--------------------------------------------------------------------------------------------------+
; Registers Removed During Synthesis                                                               ;
+---------------------------------------------------------+----------------------------------------+
; Register name                                           ; Reason for Removal                     ;
+---------------------------------------------------------+----------------------------------------+
; DATAPATH_AU_PIPELINE:inst|REGISTER16BIT:inst16|inst[15] ; Stuck at GND due to stuck port data_in ;
; Total Number of Removed Registers = 1                   ;                                        ;
+---------------------------------------------------------+----------------------------------------+


+------------------------------------------------------+
; General Register Statistics                          ;
+----------------------------------------------+-------+
; Statistic                                    ; Value ;
+----------------------------------------------+-------+
; Total registers                              ; 101   ;
; Number of registers using Synchronous Clear  ; 0     ;
; Number of registers using Synchronous Load   ; 13    ;
; Number of registers using Asynchronous Clear ; 47    ;
; Number of registers using Asynchronous Load  ; 0     ;
; Number of registers using Clock Enable       ; 47    ;
; Number of registers using Preset             ; 0     ;
+----------------------------------------------+-------+


+--------------------------------------------------------------------------------------------------------------------------------------------------------------------------------------------------------------------------------------------+
; Multiplexer Restructuring Statistics (Restructuring Performed)                                                                                                                                                                             ;
+--------------------+-----------+---------------+----------------------+------------------------+------------+------------------------------------------------------------------------------------------------------------------------------+
; Multiplexer Inputs ; Bus Width ; Baseline Area ; Area if Restructured ; Saving if Restructured ; Registered ; Example Multiplexer Output                                                                                                   ;
+--------------------+-----------+---------------+----------------------+------------------------+------------+------------------------------------------------------------------------------------------------------------------------------+
; 4:1                ; 13 bits   ; 26 LEs        ; 26 LEs               ; 0 LEs                  ; Yes        ; |PIPELINE_AU|DATAPATH_AU_PIPELINE:inst|REGISTER16BIT:inst15|inst[10]                                                         ;
; 3:1                ; 16 bits   ; 32 LEs        ; 32 LEs               ; 0 LEs                  ; No         ; |PIPELINE_AU|DATAPATH_AU_PIPELINE:inst|AU_PIPELINE:inst21|busmux:inst6|lpm_mux:$00000|mux_boc:auto_generated|result_node[11] ;
; 3:1                ; 15 bits   ; 30 LEs        ; 30 LEs               ; 0 LEs                  ; No         ; |PIPELINE_AU|DATAPATH_AU_PIPELINE:inst|BUS3[14]                                                                              ;
+--------------------+-----------+---------------+----------------------+------------------------+------------+------------------------------------------------------------------------------------------------------------------------------+


+--------------------------------------------------------------------------------------------------------+
; Parameter Settings for User Entity Instance: DATAPATH_AU_PIPELINE:inst|REGISTER16BIT:inst|BUSMUX:inst1 ;
+----------------+-------+-------------------------------------------------------------------------------+
; Parameter Name ; Value ; Type                                                                          ;
+----------------+-------+-------------------------------------------------------------------------------+
; WIDTH          ; 16    ; Untyped                                                                       ;
+----------------+-------+-------------------------------------------------------------------------------+
Note: In order to hide this table in the UI and the text report file, please set the "Show Parameter Settings in Synthesis Report" option in "Analysis and Synthesis Settings -> More Settings" to "Off".


+--------------------------------------------------------------------------------------------------------+
; Parameter Settings for User Entity Instance: DATAPATH_AU_PIPELINE:inst|AU_PIPELINE:inst21|BUSMUX:inst6 ;
+----------------+-------+-------------------------------------------------------------------------------+
; Parameter Name ; Value ; Type                                                                          ;
+----------------+-------+-------------------------------------------------------------------------------+
; WIDTH          ; 16    ; Untyped                                                                       ;
+----------------+-------+-------------------------------------------------------------------------------+
Note: In order to hide this table in the UI and the text report file, please set the "Show Parameter Settings in Synthesis Report" option in "Analysis and Synthesis Settings -> More Settings" to "Off".


+--------------------------------------------------------------------------------------------------------+
; Parameter Settings for User Entity Instance: DATAPATH_AU_PIPELINE:inst|AU_PIPELINE:inst21|BUSMUX:inst5 ;
+----------------+-------+-------------------------------------------------------------------------------+
; Parameter Name ; Value ; Type                                                                          ;
+----------------+-------+-------------------------------------------------------------------------------+
; WIDTH          ; 16    ; Untyped                                                                       ;
+----------------+-------+-------------------------------------------------------------------------------+
Note: In order to hide this table in the UI and the text report file, please set the "Show Parameter Settings in Synthesis Report" option in "Analysis and Synthesis Settings -> More Settings" to "Off".


+----------------------------------------------------------------------------------------------------------+
; Parameter Settings for User Entity Instance: DATAPATH_AU_PIPELINE:inst|REGISTER16BIT:inst15|BUSMUX:inst1 ;
+----------------+-------+---------------------------------------------------------------------------------+
; Parameter Name ; Value ; Type                                                                            ;
+----------------+-------+---------------------------------------------------------------------------------+
; WIDTH          ; 16    ; Untyped                                                                         ;
+----------------+-------+---------------------------------------------------------------------------------+
Note: In order to hide this table in the UI and the text report file, please set the "Show Parameter Settings in Synthesis Report" option in "Analysis and Synthesis Settings -> More Settings" to "Off".


+----------------------------------------------------------------------------------------------------------+
; Parameter Settings for User Entity Instance: DATAPATH_AU_PIPELINE:inst|REGISTER16BIT:inst16|BUSMUX:inst1 ;
+----------------+-------+---------------------------------------------------------------------------------+
; Parameter Name ; Value ; Type                                                                            ;
+----------------+-------+---------------------------------------------------------------------------------+
; WIDTH          ; 16    ; Untyped                                                                         ;
+----------------+-------+---------------------------------------------------------------------------------+
Note: In order to hide this table in the UI and the text report file, please set the "Show Parameter Settings in Synthesis Report" option in "Analysis and Synthesis Settings -> More Settings" to "Off".


+-------------------------------+
; Elapsed Time Per Partition    ;
+----------------+--------------+
; Partition Name ; Elapsed Time ;
+----------------+--------------+
; Top            ; 00:00:00     ;
+----------------+--------------+


+-------------------------------+
; Analysis & Synthesis Messages ;
+-------------------------------+
Info: *******************************************************************
Info: Running Quartus II 64-Bit Analysis & Synthesis
    Info: Version 13.0.1 Build 232 06/12/2013 Service Pack 1 SJ Web Edition
    Info: Processing started: Mon Dec 02 22:44:34 2024
Info: Command: quartus_map --read_settings_files=on --write_settings_files=off PIPELINE_AU -c PIPELINE_AU
Warning (20028): Parallel compilation is not licensed and has been disabled
Info (12021): Found 1 design units, including 1 entities, in source file fa1bit.bdf
    Info (12023): Found entity 1: FA1BIT
Info (12021): Found 1 design units, including 1 entities, in source file add_16bit_cin.bdf
    Info (12023): Found entity 1: ADD_16BIT_CIN
Info (12021): Found 1 design units, including 1 entities, in source file au_nonpipeline.bdf
    Info (12023): Found entity 1: AU_NONPIPELINE
Info (12021): Found 1 design units, including 1 entities, in source file register16bit.bdf
    Info (12023): Found entity 1: REGISTER16BIT
Info (12021): Found 1 design units, including 1 entities, in source file au_pipeline.bdf
    Info (12023): Found entity 1: AU_PIPELINE
Info (12021): Found 1 design units, including 1 entities, in source file register2bit.bdf
    Info (12023): Found entity 1: REGISTER2BIT
Info (12021): Found 1 design units, including 1 entities, in source file shifter3v1.bdf
    Info (12023): Found entity 1: SHIFTER3V1
Info (12021): Found 1 design units, including 1 entities, in source file shifter3.bdf
    Info (12023): Found entity 1: SHIFTER3
Info (12021): Found 1 design units, including 1 entities, in source file shifter1.bdf
    Info (12023): Found entity 1: SHIFTER1
Info (12021): Found 1 design units, including 1 entities, in source file shifter1v1.bdf
    Info (12023): Found entity 1: SHIFTER1V1
Info (12021): Found 1 design units, including 1 entities, in source file datapath_au_pipeline.bdf
    Info (12023): Found entity 1: DATAPATH_AU_PIPELINE
Info (12021): Found 1 design units, including 1 entities, in source file au_pipelinev1.bdf
    Info (12023): Found entity 1: AU_PIPELINEV1
Info (12021): Found 1 design units, including 1 entities, in source file test.bdf
    Info (12023): Found entity 1: TEST
Info (12021): Found 1 design units, including 1 entities, in source file next_state.bdf
    Info (12023): Found entity 1: NEXT_STATE
Info (12021): Found 1 design units, including 1 entities, in source file controller.bdf
    Info (12023): Found entity 1: CONTROLLER
Info (12021): Found 1 design units, including 1 entities, in source file encoder.bdf
    Info (12023): Found entity 1: ENCODER
Info (12021): Found 1 design units, including 1 entities, in source file pipeline_au.bdf
    Info (12023): Found entity 1: PIPELINE_AU
Info (12127): Elaborating entity "PIPELINE_AU" for the top level hierarchy
Info (12128): Elaborating entity "CONTROLLER" for hierarchy "CONTROLLER:inst1"
Info (12128): Elaborating entity "ENCODER" for hierarchy "CONTROLLER:inst1|ENCODER:inst2"
Info (12128): Elaborating entity "NEXT_STATE" for hierarchy "CONTROLLER:inst1|NEXT_STATE:inst"
Info (12128): Elaborating entity "DATAPATH_AU_PIPELINE" for hierarchy "DATAPATH_AU_PIPELINE:inst"
Info (12128): Elaborating entity "REGISTER16BIT" for hierarchy "DATAPATH_AU_PIPELINE:inst|REGISTER16BIT:inst"
Info (12128): Elaborating entity "BUSMUX" for hierarchy "DATAPATH_AU_PIPELINE:inst|REGISTER16BIT:inst|BUSMUX:inst1"
Info (12130): Elaborated megafunction instantiation "DATAPATH_AU_PIPELINE:inst|REGISTER16BIT:inst|BUSMUX:inst1"
Info (12133): Instantiated megafunction "DATAPATH_AU_PIPELINE:inst|REGISTER16BIT:inst|BUSMUX:inst1" with the following parameter:
    Info (12134): Parameter "WIDTH" = "16"
Info (12128): Elaborating entity "lpm_mux" for hierarchy "DATAPATH_AU_PIPELINE:inst|REGISTER16BIT:inst|BUSMUX:inst1|lpm_mux:$00000"
Info (12131): Elaborated megafunction instantiation "DATAPATH_AU_PIPELINE:inst|REGISTER16BIT:inst|BUSMUX:inst1|lpm_mux:$00000", which is child of megafunction instantiation "DATAPATH_AU_PIPELINE:inst|REGISTER16BIT:inst|BUSMUX:inst1"
Info (12021): Found 1 design units, including 1 entities, in source file db/mux_boc.tdf
    Info (12023): Found entity 1: mux_boc
Info (12128): Elaborating entity "mux_boc" for hierarchy "DATAPATH_AU_PIPELINE:inst|REGISTER16BIT:inst|BUSMUX:inst1|lpm_mux:$00000|mux_boc:auto_generated"
Info (12128): Elaborating entity "AU_PIPELINE" for hierarchy "DATAPATH_AU_PIPELINE:inst|AU_PIPELINE:inst21"
Info (12128): Elaborating entity "ADD_16BIT_CIN" for hierarchy "DATAPATH_AU_PIPELINE:inst|AU_PIPELINE:inst21|ADD_16BIT_CIN:inst"
Info (12128): Elaborating entity "FA1BIT" for hierarchy "DATAPATH_AU_PIPELINE:inst|AU_PIPELINE:inst21|ADD_16BIT_CIN:inst|FA1BIT:inst30"
Info (12128): Elaborating entity "SHIFTER3V1" for hierarchy "DATAPATH_AU_PIPELINE:inst|SHIFTER3V1:inst22"
Info (12128): Elaborating entity "SHIFTER3" for hierarchy "DATAPATH_AU_PIPELINE:inst|SHIFTER3V1:inst22|SHIFTER3:inst"
Info (12128): Elaborating entity "SHIFTER1V1" for hierarchy "DATAPATH_AU_PIPELINE:inst|SHIFTER1V1:inst24"
Info (12128): Elaborating entity "SHIFTER1" for hierarchy "DATAPATH_AU_PIPELINE:inst|SHIFTER1V1:inst24|SHIFTER1:inst"
Warning (13046): Tri-state node(s) do not directly drive top-level pin(s)
    Warning (13048): Converted tri-state node "DATAPATH_AU_PIPELINE:inst|BUS3[15]" into a selector
    Warning (13048): Converted tri-state node "DATAPATH_AU_PIPELINE:inst|BUS3[14]" into a selector
    Warning (13048): Converted tri-state node "DATAPATH_AU_PIPELINE:inst|BUS3[13]" into a selector
    Warning (13048): Converted tri-state node "DATAPATH_AU_PIPELINE:inst|BUS3[12]" into a selector
    Warning (13048): Converted tri-state node "DATAPATH_AU_PIPELINE:inst|BUS3[11]" into a selector
    Warning (13048): Converted tri-state node "DATAPATH_AU_PIPELINE:inst|BUS3[10]" into a selector
    Warning (13048): Converted tri-state node "DATAPATH_AU_PIPELINE:inst|BUS3[9]" into a selector
    Warning (13048): Converted tri-state node "DATAPATH_AU_PIPELINE:inst|BUS3[8]" into a selector
    Warning (13048): Converted tri-state node "DATAPATH_AU_PIPELINE:inst|BUS3[7]" into a selector
    Warning (13048): Converted tri-state node "DATAPATH_AU_PIPELINE:inst|BUS3[6]" into a selector
    Warning (13048): Converted tri-state node "DATAPATH_AU_PIPELINE:inst|BUS3[5]" into a selector
    Warning (13048): Converted tri-state node "DATAPATH_AU_PIPELINE:inst|BUS3[4]" into a selector
    Warning (13048): Converted tri-state node "DATAPATH_AU_PIPELINE:inst|BUS3[3]" into a selector
    Warning (13048): Converted tri-state node "DATAPATH_AU_PIPELINE:inst|BUS3[2]" into a selector
    Warning (13048): Converted tri-state node "DATAPATH_AU_PIPELINE:inst|BUS3[1]" into a selector
    Warning (13048): Converted tri-state node "DATAPATH_AU_PIPELINE:inst|BUS3[0]" into a selector
    Warning (13048): Converted tri-state node "DATAPATH_AU_PIPELINE:inst|BUS2[15]" into a selector
    Warning (13048): Converted tri-state node "DATAPATH_AU_PIPELINE:inst|BUS2[14]" into a selector
    Warning (13048): Converted tri-state node "DATAPATH_AU_PIPELINE:inst|BUS2[13]" into a selector
    Warning (13048): Converted tri-state node "DATAPATH_AU_PIPELINE:inst|BUS2[12]" into a selector
    Warning (13048): Converted tri-state node "DATAPATH_AU_PIPELINE:inst|BUS2[11]" into a selector
    Warning (13048): Converted tri-state node "DATAPATH_AU_PIPELINE:inst|BUS2[10]" into a selector
    Warning (13048): Converted tri-state node "DATAPATH_AU_PIPELINE:inst|BUS2[9]" into a selector
    Warning (13048): Converted tri-state node "DATAPATH_AU_PIPELINE:inst|BUS2[8]" into a selector
    Warning (13048): Converted tri-state node "DATAPATH_AU_PIPELINE:inst|BUS2[7]" into a selector
    Warning (13048): Converted tri-state node "DATAPATH_AU_PIPELINE:inst|BUS2[6]" into a selector
    Warning (13048): Converted tri-state node "DATAPATH_AU_PIPELINE:inst|BUS2[5]" into a selector
    Warning (13048): Converted tri-state node "DATAPATH_AU_PIPELINE:inst|BUS2[4]" into a selector
    Warning (13048): Converted tri-state node "DATAPATH_AU_PIPELINE:inst|BUS2[3]" into a selector
    Warning (13048): Converted tri-state node "DATAPATH_AU_PIPELINE:inst|BUS2[2]" into a selector
    Warning (13048): Converted tri-state node "DATAPATH_AU_PIPELINE:inst|BUS2[1]" into a selector
    Warning (13048): Converted tri-state node "DATAPATH_AU_PIPELINE:inst|BUS2[0]" into a selector
    Warning (13048): Converted tri-state node "DATAPATH_AU_PIPELINE:inst|BUS4[15]" into a selector
    Warning (13048): Converted tri-state node "DATAPATH_AU_PIPELINE:inst|BUS4[14]" into a selector
    Warning (13048): Converted tri-state node "DATAPATH_AU_PIPELINE:inst|BUS4[13]" into a selector
    Warning (13048): Converted tri-state node "DATAPATH_AU_PIPELINE:inst|BUS4[12]" into a selector
    Warning (13048): Converted tri-state node "DATAPATH_AU_PIPELINE:inst|BUS4[11]" into a selector
    Warning (13048): Converted tri-state node "DATAPATH_AU_PIPELINE:inst|BUS4[10]" into a selector
    Warning (13048): Converted tri-state node "DATAPATH_AU_PIPELINE:inst|BUS4[9]" into a selector
    Warning (13048): Converted tri-state node "DATAPATH_AU_PIPELINE:inst|BUS4[8]" into a selector
    Warning (13048): Converted tri-state node "DATAPATH_AU_PIPELINE:inst|BUS4[7]" into a selector
    Warning (13048): Converted tri-state node "DATAPATH_AU_PIPELINE:inst|BUS4[6]" into a selector
    Warning (13048): Converted tri-state node "DATAPATH_AU_PIPELINE:inst|BUS4[5]" into a selector
    Warning (13048): Converted tri-state node "DATAPATH_AU_PIPELINE:inst|BUS4[4]" into a selector
    Warning (13048): Converted tri-state node "DATAPATH_AU_PIPELINE:inst|BUS4[3]" into a selector
    Warning (13048): Converted tri-state node "DATAPATH_AU_PIPELINE:inst|BUS4[2]" into a selector
    Warning (13048): Converted tri-state node "DATAPATH_AU_PIPELINE:inst|BUS4[1]" into a selector
    Warning (13048): Converted tri-state node "DATAPATH_AU_PIPELINE:inst|BUS4[0]" into a selector
Warning (13046): Tri-state node(s) do not directly drive top-level pin(s)
    Warning (13047): Converted the fan-out from the tri-state buffer "DATAPATH_AU_PIPELINE:inst|inst20[15]" to the node "DATAPATH_AU_PIPELINE:inst|AU_PIPELINE:inst21|inst3[15]" into an OR gate
    Warning (13047): Converted the fan-out from the tri-state buffer "DATAPATH_AU_PIPELINE:inst|inst17[14]" to the node "DATAPATH_AU_PIPELINE:inst|AU_PIPELINE:inst21|inst3[14]" into an OR gate
    Warning (13047): Converted the fan-out from the tri-state buffer "DATAPATH_AU_PIPELINE:inst|inst17[13]" to the node "DATAPATH_AU_PIPELINE:inst|AU_PIPELINE:inst21|inst3[13]" into an OR gate
    Warning (13047): Converted the fan-out from the tri-state buffer "DATAPATH_AU_PIPELINE:inst|inst17[12]" to the node "DATAPATH_AU_PIPELINE:inst|AU_PIPELINE:inst21|inst3[12]" into an OR gate
    Warning (13047): Converted the fan-out from the tri-state buffer "DATAPATH_AU_PIPELINE:inst|inst17[11]" to the node "DATAPATH_AU_PIPELINE:inst|AU_PIPELINE:inst21|inst3[11]" into an OR gate
    Warning (13047): Converted the fan-out from the tri-state buffer "DATAPATH_AU_PIPELINE:inst|inst17[10]" to the node "DATAPATH_AU_PIPELINE:inst|AU_PIPELINE:inst21|inst3[10]" into an OR gate
    Warning (13047): Converted the fan-out from the tri-state buffer "DATAPATH_AU_PIPELINE:inst|inst17[9]" to the node "DATAPATH_AU_PIPELINE:inst|AU_PIPELINE:inst21|inst3[9]" into an OR gate
    Warning (13047): Converted the fan-out from the tri-state buffer "DATAPATH_AU_PIPELINE:inst|inst17[8]" to the node "DATAPATH_AU_PIPELINE:inst|AU_PIPELINE:inst21|inst3[8]" into an OR gate
    Warning (13047): Converted the fan-out from the tri-state buffer "DATAPATH_AU_PIPELINE:inst|inst17[7]" to the node "DATAPATH_AU_PIPELINE:inst|AU_PIPELINE:inst21|inst3[7]" into an OR gate
    Warning (13047): Converted the fan-out from the tri-state buffer "DATAPATH_AU_PIPELINE:inst|inst17[6]" to the node "DATAPATH_AU_PIPELINE:inst|AU_PIPELINE:inst21|inst3[6]" into an OR gate
    Warning (13047): Converted the fan-out from the tri-state buffer "DATAPATH_AU_PIPELINE:inst|inst17[5]" to the node "DATAPATH_AU_PIPELINE:inst|AU_PIPELINE:inst21|inst3[5]" into an OR gate
    Warning (13047): Converted the fan-out from the tri-state buffer "DATAPATH_AU_PIPELINE:inst|inst17[4]" to the node "DATAPATH_AU_PIPELINE:inst|AU_PIPELINE:inst21|inst3[4]" into an OR gate
    Warning (13047): Converted the fan-out from the tri-state buffer "DATAPATH_AU_PIPELINE:inst|inst17[3]" to the node "DATAPATH_AU_PIPELINE:inst|AU_PIPELINE:inst21|inst3[3]" into an OR gate
    Warning (13047): Converted the fan-out from the tri-state buffer "DATAPATH_AU_PIPELINE:inst|inst17[2]" to the node "DATAPATH_AU_PIPELINE:inst|AU_PIPELINE:inst21|inst3[2]" into an OR gate
    Warning (13047): Converted the fan-out from the tri-state buffer "DATAPATH_AU_PIPELINE:inst|inst17[1]" to the node "DATAPATH_AU_PIPELINE:inst|AU_PIPELINE:inst21|inst3[1]" into an OR gate
    Warning (13047): Converted the fan-out from the tri-state buffer "DATAPATH_AU_PIPELINE:inst|inst17[0]" to the node "DATAPATH_AU_PIPELINE:inst|AU_PIPELINE:inst21|inst3[0]" into an OR gate
Info (16010): Generating hard_block partition "hard_block:auto_generated_inst"
    Info (16011): Adding 0 node(s), including 0 DDIO, 0 PLL, 0 transceiver and 0 LCELL
Info (21057): Implemented 293 device resources after synthesis - the final resource count might be different
    Info (21058): Implemented 35 input pins
    Info (21059): Implemented 17 output pins
    Info (21061): Implemented 241 logic cells
Info: Quartus II 64-Bit Analysis & Synthesis was successful. 0 errors, 67 warnings
    Info: Peak virtual memory: 4607 megabytes
    Info: Processing ended: Mon Dec 02 22:44:37 2024
    Info: Elapsed time: 00:00:03
    Info: Total CPU time (on all processors): 00:00:01


