Flow report for RISC
Sun Dec 29 21:50:30 2024
Quartus II 64-Bit Version 13.0.1 Build 232 06/12/2013 Service Pack 1 SJ Web Edition


---------------------
; Table of Contents ;
---------------------
  1. Legal Notice
  2. Flow Summary
  3. Flow Settings
  4. Flow Non-Default Global Settings
  5. Flow Elapsed Time
  6. Flow OS Summary
  7. Flow Log
  8. Flow Messages
  9. Flow Suppressed Messages



----------------
; Legal Notice ;
----------------
Copyright (C) 1991-2013 Altera Corporation
Your use of Altera Corporation's design tools, logic functions 
and other software and tools, and its AMPP partner logic 
functions, and any output files from any of the foregoing 
(including device programming or simulation files), and any 
associated documentation or information are expressly subject 
to the terms and conditions of the Altera Program License 
Subscription Agreement, Altera MegaCore Function License 
Agreement, or other applicable license agreement, including, 
without limitation, that your use is for the sole purpose of 
programming logic devices manufactured by Altera and sold by 
Altera or its authorized distributors.  Please refer to the 
applicable agreement for further details.



+--------------------------------------------------------------------------------------+
; Flow Summary                                                                         ;
+------------------------------------+-------------------------------------------------+
; Flow Status                        ; Successful - Sun Dec 29 21:50:30 2024           ;
; Quartus II 64-Bit Version          ; 13.0.1 Build 232 06/12/2013 SP 1 SJ Web Edition ;
; Revision Name                      ; RISC                                            ;
; Top-level Entity Name              ; RISCV1                                          ;
; Family                             ; Cyclone II                                      ;
; Device                             ; EP2C35F672C6                                    ;
; Timing Models                      ; Final                                           ;
; Total logic elements               ; 8 / 33,216 ( < 1 % )                            ;
;     Total combinational functions  ; 8 / 33,216 ( < 1 % )                            ;
;     Dedicated logic registers      ; 5 / 33,216 ( < 1 % )                            ;
; Total registers                    ; 5                                               ;
; Total pins                         ; 222 / 475 ( 47 % )                              ;
; Total virtual pins                 ; 0                                               ;
; Total memory bits                  ; 0 / 483,840 ( 0 % )                             ;
; Embedded Multiplier 9-bit elements ; 0 / 70 ( 0 % )                                  ;
; Total PLLs                         ; 0 / 4 ( 0 % )                                   ;
+------------------------------------+-------------------------------------------------+


+-----------------------------------------+
; Flow Settings                           ;
+-------------------+---------------------+
; Option            ; Setting             ;
+-------------------+---------------------+
; Start date & time ; 12/29/2024 21:50:19 ;
; Main task         ; Compilation         ;
; Revision Name     ; RISC                ;
+-------------------+---------------------+


+----------------------------------------------------------------------------------------------------------------------------+
; Flow Non-Default Global Settings                                                                                           ;
+-------------------------------------+---------------------------------------+---------------+-------------+----------------+
; Assignment Name                     ; Value                                 ; Default Value ; Entity Name ; Section Id     ;
+-------------------------------------+---------------------------------------+---------------+-------------+----------------+
; COMPILER_SIGNATURE_ID               ; 57651956147752.173548381916672        ; --            ; --          ; --             ;
; EDA_GENERATE_FUNCTIONAL_NETLIST     ; On                                    ; --            ; --          ; eda_simulation ;
; EDA_OUTPUT_DATA_FORMAT              ; Verilog Hdl                           ; --            ; --          ; eda_simulation ;
; EDA_SIMULATION_TOOL                 ; ModelSim-Altera (Verilog)             ; <None>        ; --          ; --             ;
; FLOW_ENABLE_POWER_ANALYZER          ; On                                    ; Off           ; --          ; --             ;
; MAX_CORE_JUNCTION_TEMP              ; 85                                    ; --            ; --          ; --             ;
; MIN_CORE_JUNCTION_TEMP              ; 0                                     ; --            ; --          ; --             ;
; PARTITION_COLOR                     ; 16764057                              ; --            ; RISCV1      ; Top            ;
; PARTITION_FITTER_PRESERVATION_LEVEL ; PLACEMENT_AND_ROUTING                 ; --            ; RISCV1      ; Top            ;
; PARTITION_NETLIST_TYPE              ; SOURCE                                ; --            ; RISCV1      ; Top            ;
; POWER_BOARD_THERMAL_MODEL           ; None (CONSERVATIVE)                   ; --            ; --          ; --             ;
; POWER_INPUT_FILE_NAME               ; simulation/qsim/RISC.msim.vcd         ; --            ; RISCV1      ; risc.msim.vcd  ;
; POWER_PRESET_COOLING_SOLUTION       ; 23 MM HEAT SINK WITH 200 LFPM AIRFLOW ; --            ; --          ; --             ;
; POWER_REPORT_POWER_DISSIPATION      ; On                                    ; Off           ; --          ; --             ;
; PROJECT_OUTPUT_DIRECTORY            ; output_files                          ; --            ; --          ; --             ;
; TOP_LEVEL_ENTITY                    ; RISCV1                                ; RISC          ; --          ; --             ;
+-------------------------------------+---------------------------------------+---------------+-------------+----------------+


+-------------------------------------------------------------------------------------------------------------------------------+
; Flow Elapsed Time                                                                                                             ;
+---------------------------+--------------+-------------------------+---------------------+------------------------------------+
; Module Name               ; Elapsed Time ; Average Processors Used ; Peak Virtual Memory ; Total CPU Time (on all processors) ;
+---------------------------+--------------+-------------------------+---------------------+------------------------------------+
; Analysis & Synthesis      ; 00:00:01     ; 1.0                     ; 4613 MB             ; 00:00:01                           ;
; Fitter                    ; 00:00:04     ; 1.0                     ; 4878 MB             ; 00:00:03                           ;
; Assembler                 ; 00:00:01     ; 1.0                     ; 4563 MB             ; 00:00:01                           ;
; PowerPlay Power Analyzer  ; 00:00:01     ; 1.0                     ; 4573 MB             ; 00:00:01                           ;
; TimeQuest Timing Analyzer ; 00:00:00     ; 1.0                     ; 4555 MB             ; 00:00:00                           ;
; EDA Netlist Writer        ; 00:00:00     ; 1.0                     ; 4510 MB             ; 00:00:00                           ;
; Total                     ; 00:00:07     ; --                      ; --                  ; 00:00:06                           ;
+---------------------------+--------------+-------------------------+---------------------+------------------------------------+


+----------------------------------------------------------------------------------------+
; Flow OS Summary                                                                        ;
+---------------------------+------------------+-----------+------------+----------------+
; Module Name               ; Machine Hostname ; OS Name   ; OS Version ; Processor type ;
+---------------------------+------------------+-----------+------------+----------------+
; Analysis & Synthesis      ; ThanhSang        ; Windows 7 ; 6.2        ; x86_64         ;
; Fitter                    ; ThanhSang        ; Windows 7 ; 6.2        ; x86_64         ;
; Assembler                 ; ThanhSang        ; Windows 7 ; 6.2        ; x86_64         ;
; PowerPlay Power Analyzer  ; ThanhSang        ; Windows 7 ; 6.2        ; x86_64         ;
; TimeQuest Timing Analyzer ; ThanhSang        ; Windows 7 ; 6.2        ; x86_64         ;
; EDA Netlist Writer        ; ThanhSang        ; Windows 7 ; 6.2        ; x86_64         ;
+---------------------------+------------------+-----------+------------+----------------+


------------
; Flow Log ;
------------
quartus_map --read_settings_files=on --write_settings_files=off RISC -c RISC
quartus_fit --read_settings_files=off --write_settings_files=off RISC -c RISC
quartus_asm --read_settings_files=off --write_settings_files=off RISC -c RISC
quartus_pow --read_settings_files=off --write_settings_files=off RISC -c RISC
quartus_sta RISC -c RISC
quartus_eda --read_settings_files=off --write_settings_files=off RISC -c RISC



